{"/home/lawrence/Projects/polling-app/app/page.tsx": {"path":"/home/lawrence/Projects/polling-app/app/page.tsx","statementMap":{"0":{"start":{"line":3,"column":24},"end":{"line":3,"column":null}},"1":{"start":{"line":1,"column":17},"end":{"line":1,"column":null}}},"fnMap":{"0":{"name":"HomePage","decl":{"start":{"line":3,"column":24},"end":{"line":3,"column":null}},"loc":{"start":{"line":3,"column":24},"end":{"line":69,"column":null}}}},"branchMap":{},"s":{"0":0,"1":0},"f":{"0":0},"b":{}}
,"/home/lawrence/Projects/polling-app/app/api/polls/route.ts": {"path":"/home/lawrence/Projects/polling-app/app/api/polls/route.ts","statementMap":{"0":{"start":{"line":72,"column":22},"end":{"line":72,"column":25}},"1":{"start":{"line":10,"column":22},"end":{"line":10,"column":26}},"2":{"start":{"line":1,"column":29},"end":{"line":1,"column":null}},"3":{"start":{"line":2,"column":42},"end":{"line":2,"column":null}},"4":{"start":{"line":3,"column":18},"end":{"line":3,"column":null}},"5":{"start":{"line":5,"column":25},"end":{"line":8,"column":null}},"6":{"start":{"line":11,"column":2},"end":{"line":69,"column":null}},"7":{"start":{"line":12,"column":21},"end":{"line":12,"column":null}},"8":{"start":{"line":15,"column":49},"end":{"line":15,"column":null}},"9":{"start":{"line":17,"column":4},"end":{"line":19,"column":null}},"10":{"start":{"line":18,"column":6},"end":{"line":18,"column":null}},"11":{"start":{"line":21,"column":17},"end":{"line":21,"column":null}},"12":{"start":{"line":22,"column":34},"end":{"line":22,"column":null}},"13":{"start":{"line":25,"column":45},"end":{"line":32,"column":null}},"14":{"start":{"line":34,"column":4},"end":{"line":37,"column":null}},"15":{"start":{"line":35,"column":6},"end":{"line":35,"column":null}},"16":{"start":{"line":36,"column":6},"end":{"line":36,"column":null}},"17":{"start":{"line":40,"column":24},"end":{"line":44,"column":null}},"18":{"start":{"line":40,"column":54},"end":{"line":44,"column":null}},"19":{"start":{"line":46,"column":36},"end":{"line":48,"column":null}},"20":{"start":{"line":50,"column":4},"end":{"line":55,"column":null}},"21":{"start":{"line":51,"column":6},"end":{"line":51,"column":null}},"22":{"start":{"line":53,"column":6},"end":{"line":53,"column":null}},"23":{"start":{"line":54,"column":6},"end":{"line":54,"column":null}},"24":{"start":{"line":57,"column":4},"end":{"line":57,"column":null}},"25":{"start":{"line":59,"column":4},"end":{"line":59,"column":null}},"26":{"start":{"line":61,"column":4},"end":{"line":66,"column":null}},"27":{"start":{"line":62,"column":6},"end":{"line":65,"column":null}},"28":{"start":{"line":68,"column":4},"end":{"line":68,"column":null}},"29":{"start":{"line":73,"column":2},"end":{"line":112,"column":null}},"30":{"start":{"line":74,"column":21},"end":{"line":74,"column":null}},"31":{"start":{"line":77,"column":49},"end":{"line":77,"column":null}},"32":{"start":{"line":79,"column":4},"end":{"line":81,"column":null}},"33":{"start":{"line":80,"column":6},"end":{"line":80,"column":null}},"34":{"start":{"line":84,"column":35},"end":{"line":94,"column":null}},"35":{"start":{"line":96,"column":4},"end":{"line":99,"column":null}},"36":{"start":{"line":97,"column":6},"end":{"line":97,"column":null}},"37":{"start":{"line":98,"column":6},"end":{"line":98,"column":null}},"38":{"start":{"line":102,"column":28},"end":{"line":106,"column":null}},"39":{"start":{"line":102,"column":47},"end":{"line":106,"column":null}},"40":{"start":{"line":105,"column":43},"end":{"line":105,"column":66}},"41":{"start":{"line":108,"column":4},"end":{"line":108,"column":null}},"42":{"start":{"line":110,"column":4},"end":{"line":110,"column":null}},"43":{"start":{"line":111,"column":4},"end":{"line":111,"column":null}}},"fnMap":{"0":{"name":"POST","decl":{"start":{"line":10,"column":22},"end":{"line":10,"column":26}},"loc":{"start":{"line":10,"column":47},"end":{"line":70,"column":null}}},"1":{"name":"(anonymous_4)","decl":{"start":{"line":40,"column":36},"end":{"line":40,"column":37}},"loc":{"start":{"line":40,"column":54},"end":{"line":44,"column":null}}},"2":{"name":"GET","decl":{"start":{"line":72,"column":22},"end":{"line":72,"column":25}},"loc":{"start":{"line":72,"column":22},"end":{"line":113,"column":null}}},"3":{"name":"(anonymous_6)","decl":{"start":{"line":102,"column":38},"end":{"line":102,"column":47}},"loc":{"start":{"line":102,"column":47},"end":{"line":106,"column":null}}},"4":{"name":"(anonymous_7)","decl":{"start":{"line":105,"column":33},"end":{"line":105,"column":34}},"loc":{"start":{"line":105,"column":43},"end":{"line":105,"column":66}}}},"branchMap":{"0":{"loc":{"start":{"line":17,"column":4},"end":{"line":19,"column":null}},"type":"if","locations":[{"start":{"line":17,"column":4},"end":{"line":19,"column":null}}]},"1":{"loc":{"start":{"line":17,"column":8},"end":{"line":17,"column":28}},"type":"binary-expr","locations":[{"start":{"line":17,"column":8},"end":{"line":17,"column":21}},{"start":{"line":17,"column":21},"end":{"line":17,"column":28}}]},"2":{"loc":{"start":{"line":34,"column":4},"end":{"line":37,"column":null}},"type":"if","locations":[{"start":{"line":34,"column":4},"end":{"line":37,"column":null}}]},"3":{"loc":{"start":{"line":50,"column":4},"end":{"line":55,"column":null}},"type":"if","locations":[{"start":{"line":50,"column":4},"end":{"line":55,"column":null}}]},"4":{"loc":{"start":{"line":61,"column":4},"end":{"line":66,"column":null}},"type":"if","locations":[{"start":{"line":61,"column":4},"end":{"line":66,"column":null}}]},"5":{"loc":{"start":{"line":79,"column":4},"end":{"line":81,"column":null}},"type":"if","locations":[{"start":{"line":79,"column":4},"end":{"line":81,"column":null}}]},"6":{"loc":{"start":{"line":79,"column":8},"end":{"line":79,"column":28}},"type":"binary-expr","locations":[{"start":{"line":79,"column":8},"end":{"line":79,"column":21}},{"start":{"line":79,"column":21},"end":{"line":79,"column":28}}]},"7":{"loc":{"start":{"line":96,"column":4},"end":{"line":99,"column":null}},"type":"if","locations":[{"start":{"line":96,"column":4},"end":{"line":99,"column":null}}]}},"s":{"0":0,"1":0,"2":0,"3":0,"4":0,"5":0,"6":0,"7":0,"8":0,"9":0,"10":0,"11":0,"12":0,"13":0,"14":0,"15":0,"16":0,"17":0,"18":0,"19":0,"20":0,"21":0,"22":0,"23":0,"24":0,"25":0,"26":0,"27":0,"28":0,"29":0,"30":0,"31":0,"32":0,"33":0,"34":0,"35":0,"36":0,"37":0,"38":0,"39":0,"40":0,"41":0,"42":0,"43":0},"f":{"0":0,"1":0,"2":0,"3":0,"4":0},"b":{"0":[0],"1":[0,0],"2":[0],"3":[0],"4":[0],"5":[0],"6":[0,0],"7":[0]}}
,"/home/lawrence/Projects/polling-app/app/api/polls/[id]/route.ts": {"path":"/home/lawrence/Projects/polling-app/app/api/polls/[id]/route.ts","statementMap":{"0":{"start":{"line":135,"column":22},"end":{"line":135,"column":28}},"1":{"start":{"line":10,"column":22},"end":{"line":10,"column":25}},"2":{"start":{"line":53,"column":22},"end":{"line":53,"column":25}},"3":{"start":{"line":1,"column":29},"end":{"line":1,"column":null}},"4":{"start":{"line":2,"column":42},"end":{"line":2,"column":null}},"5":{"start":{"line":3,"column":18},"end":{"line":3,"column":null}},"6":{"start":{"line":5,"column":25},"end":{"line":8,"column":null}},"7":{"start":{"line":11,"column":2},"end":{"line":50,"column":null}},"8":{"start":{"line":12,"column":21},"end":{"line":12,"column":null}},"9":{"start":{"line":15,"column":34},"end":{"line":26,"column":null}},"10":{"start":{"line":28,"column":4},"end":{"line":30,"column":null}},"11":{"start":{"line":29,"column":6},"end":{"line":29,"column":null}},"12":{"start":{"line":33,"column":29},"end":{"line":38,"column":null}},"13":{"start":{"line":34,"column":22},"end":{"line":34,"column":45}},"14":{"start":{"line":35,"column":22},"end":{"line":38,"column":null}},"15":{"start":{"line":37,"column":45},"end":{"line":37,"column":73}},"16":{"start":{"line":40,"column":26},"end":{"line":44,"column":null}},"17":{"start":{"line":46,"column":4},"end":{"line":46,"column":null}},"18":{"start":{"line":48,"column":4},"end":{"line":48,"column":null}},"19":{"start":{"line":49,"column":4},"end":{"line":49,"column":null}},"20":{"start":{"line":54,"column":2},"end":{"line":132,"column":null}},"21":{"start":{"line":55,"column":21},"end":{"line":55,"column":null}},"22":{"start":{"line":58,"column":49},"end":{"line":58,"column":null}},"23":{"start":{"line":60,"column":4},"end":{"line":62,"column":null}},"24":{"start":{"line":61,"column":6},"end":{"line":61,"column":null}},"25":{"start":{"line":65,"column":53},"end":{"line":69,"column":null}},"26":{"start":{"line":71,"column":4},"end":{"line":73,"column":null}},"27":{"start":{"line":72,"column":6},"end":{"line":72,"column":null}},"28":{"start":{"line":75,"column":4},"end":{"line":77,"column":null}},"29":{"start":{"line":76,"column":6},"end":{"line":76,"column":null}},"30":{"start":{"line":79,"column":17},"end":{"line":79,"column":null}},"31":{"start":{"line":80,"column":34},"end":{"line":80,"column":null}},"32":{"start":{"line":83,"column":35},"end":{"line":86,"column":null}},"33":{"start":{"line":88,"column":4},"end":{"line":91,"column":null}},"34":{"start":{"line":89,"column":6},"end":{"line":89,"column":null}},"35":{"start":{"line":90,"column":6},"end":{"line":90,"column":null}},"36":{"start":{"line":94,"column":42},"end":{"line":97,"column":null}},"37":{"start":{"line":99,"column":4},"end":{"line":102,"column":null}},"38":{"start":{"line":100,"column":6},"end":{"line":100,"column":null}},"39":{"start":{"line":101,"column":6},"end":{"line":101,"column":null}},"40":{"start":{"line":105,"column":24},"end":{"line":109,"column":null}},"41":{"start":{"line":105,"column":54},"end":{"line":109,"column":null}},"42":{"start":{"line":111,"column":36},"end":{"line":113,"column":null}},"43":{"start":{"line":115,"column":4},"end":{"line":118,"column":null}},"44":{"start":{"line":116,"column":6},"end":{"line":116,"column":null}},"45":{"start":{"line":117,"column":6},"end":{"line":117,"column":null}},"46":{"start":{"line":120,"column":4},"end":{"line":120,"column":null}},"47":{"start":{"line":122,"column":4},"end":{"line":122,"column":null}},"48":{"start":{"line":124,"column":4},"end":{"line":129,"column":null}},"49":{"start":{"line":125,"column":6},"end":{"line":128,"column":null}},"50":{"start":{"line":131,"column":4},"end":{"line":131,"column":null}},"51":{"start":{"line":136,"column":2},"end":{"line":176,"column":null}},"52":{"start":{"line":137,"column":21},"end":{"line":137,"column":null}},"53":{"start":{"line":140,"column":49},"end":{"line":140,"column":null}},"54":{"start":{"line":142,"column":4},"end":{"line":144,"column":null}},"55":{"start":{"line":143,"column":6},"end":{"line":143,"column":null}},"56":{"start":{"line":147,"column":53},"end":{"line":151,"column":null}},"57":{"start":{"line":153,"column":4},"end":{"line":155,"column":null}},"58":{"start":{"line":154,"column":6},"end":{"line":154,"column":null}},"59":{"start":{"line":157,"column":4},"end":{"line":159,"column":null}},"60":{"start":{"line":158,"column":6},"end":{"line":158,"column":null}},"61":{"start":{"line":162,"column":35},"end":{"line":165,"column":null}},"62":{"start":{"line":167,"column":4},"end":{"line":170,"column":null}},"63":{"start":{"line":168,"column":6},"end":{"line":168,"column":null}},"64":{"start":{"line":169,"column":6},"end":{"line":169,"column":null}},"65":{"start":{"line":172,"column":4},"end":{"line":172,"column":null}},"66":{"start":{"line":174,"column":4},"end":{"line":174,"column":null}},"67":{"start":{"line":175,"column":4},"end":{"line":175,"column":null}}},"fnMap":{"0":{"name":"GET","decl":{"start":{"line":10,"column":22},"end":{"line":10,"column":25}},"loc":{"start":{"line":10,"column":86},"end":{"line":51,"column":null}}},"1":{"name":"(anonymous_5)","decl":{"start":{"line":34,"column":12},"end":{"line":34,"column":13}},"loc":{"start":{"line":34,"column":22},"end":{"line":34,"column":45}}},"2":{"name":"(anonymous_6)","decl":{"start":{"line":35,"column":11},"end":{"line":35,"column":22}},"loc":{"start":{"line":35,"column":22},"end":{"line":38,"column":null}}},"3":{"name":"(anonymous_7)","decl":{"start":{"line":37,"column":37},"end":{"line":37,"column":45}},"loc":{"start":{"line":37,"column":45},"end":{"line":37,"column":73}}},"4":{"name":"PUT","decl":{"start":{"line":53,"column":22},"end":{"line":53,"column":25}},"loc":{"start":{"line":53,"column":86},"end":{"line":133,"column":null}}},"5":{"name":"(anonymous_9)","decl":{"start":{"line":105,"column":36},"end":{"line":105,"column":37}},"loc":{"start":{"line":105,"column":54},"end":{"line":109,"column":null}}},"6":{"name":"DELETE","decl":{"start":{"line":135,"column":22},"end":{"line":135,"column":28}},"loc":{"start":{"line":135,"column":89},"end":{"line":177,"column":null}}}},"branchMap":{"0":{"loc":{"start":{"line":28,"column":4},"end":{"line":30,"column":null}},"type":"if","locations":[{"start":{"line":28,"column":4},"end":{"line":30,"column":null}}]},"1":{"loc":{"start":{"line":28,"column":8},"end":{"line":28,"column":24}},"type":"binary-expr","locations":[{"start":{"line":28,"column":8},"end":{"line":28,"column":17}},{"start":{"line":28,"column":17},"end":{"line":28,"column":24}}]},"2":{"loc":{"start":{"line":60,"column":4},"end":{"line":62,"column":null}},"type":"if","locations":[{"start":{"line":60,"column":4},"end":{"line":62,"column":null}}]},"3":{"loc":{"start":{"line":60,"column":8},"end":{"line":60,"column":28}},"type":"binary-expr","locations":[{"start":{"line":60,"column":8},"end":{"line":60,"column":21}},{"start":{"line":60,"column":21},"end":{"line":60,"column":28}}]},"4":{"loc":{"start":{"line":71,"column":4},"end":{"line":73,"column":null}},"type":"if","locations":[{"start":{"line":71,"column":4},"end":{"line":73,"column":null}}]},"5":{"loc":{"start":{"line":71,"column":8},"end":{"line":71,"column":36}},"type":"binary-expr","locations":[{"start":{"line":71,"column":8},"end":{"line":71,"column":21}},{"start":{"line":71,"column":21},"end":{"line":71,"column":36}}]},"6":{"loc":{"start":{"line":75,"column":4},"end":{"line":77,"column":null}},"type":"if","locations":[{"start":{"line":75,"column":4},"end":{"line":77,"column":null}}]},"7":{"loc":{"start":{"line":88,"column":4},"end":{"line":91,"column":null}},"type":"if","locations":[{"start":{"line":88,"column":4},"end":{"line":91,"column":null}}]},"8":{"loc":{"start":{"line":99,"column":4},"end":{"line":102,"column":null}},"type":"if","locations":[{"start":{"line":99,"column":4},"end":{"line":102,"column":null}}]},"9":{"loc":{"start":{"line":115,"column":4},"end":{"line":118,"column":null}},"type":"if","locations":[{"start":{"line":115,"column":4},"end":{"line":118,"column":null}}]},"10":{"loc":{"start":{"line":124,"column":4},"end":{"line":129,"column":null}},"type":"if","locations":[{"start":{"line":124,"column":4},"end":{"line":129,"column":null}}]},"11":{"loc":{"start":{"line":142,"column":4},"end":{"line":144,"column":null}},"type":"if","locations":[{"start":{"line":142,"column":4},"end":{"line":144,"column":null}}]},"12":{"loc":{"start":{"line":142,"column":8},"end":{"line":142,"column":28}},"type":"binary-expr","locations":[{"start":{"line":142,"column":8},"end":{"line":142,"column":21}},{"start":{"line":142,"column":21},"end":{"line":142,"column":28}}]},"13":{"loc":{"start":{"line":153,"column":4},"end":{"line":155,"column":null}},"type":"if","locations":[{"start":{"line":153,"column":4},"end":{"line":155,"column":null}}]},"14":{"loc":{"start":{"line":153,"column":8},"end":{"line":153,"column":36}},"type":"binary-expr","locations":[{"start":{"line":153,"column":8},"end":{"line":153,"column":21}},{"start":{"line":153,"column":21},"end":{"line":153,"column":36}}]},"15":{"loc":{"start":{"line":157,"column":4},"end":{"line":159,"column":null}},"type":"if","locations":[{"start":{"line":157,"column":4},"end":{"line":159,"column":null}}]},"16":{"loc":{"start":{"line":167,"column":4},"end":{"line":170,"column":null}},"type":"if","locations":[{"start":{"line":167,"column":4},"end":{"line":170,"column":null}}]}},"s":{"0":0,"1":0,"2":0,"3":0,"4":0,"5":0,"6":0,"7":0,"8":0,"9":0,"10":0,"11":0,"12":0,"13":0,"14":0,"15":0,"16":0,"17":0,"18":0,"19":0,"20":0,"21":0,"22":0,"23":0,"24":0,"25":0,"26":0,"27":0,"28":0,"29":0,"30":0,"31":0,"32":0,"33":0,"34":0,"35":0,"36":0,"37":0,"38":0,"39":0,"40":0,"41":0,"42":0,"43":0,"44":0,"45":0,"46":0,"47":0,"48":0,"49":0,"50":0,"51":0,"52":0,"53":0,"54":0,"55":0,"56":0,"57":0,"58":0,"59":0,"60":0,"61":0,"62":0,"63":0,"64":0,"65":0,"66":0,"67":0},"f":{"0":0,"1":0,"2":0,"3":0,"4":0,"5":0,"6":0},"b":{"0":[0],"1":[0,0],"2":[0],"3":[0,0],"4":[0],"5":[0,0],"6":[0],"7":[0],"8":[0],"9":[0],"10":[0],"11":[0],"12":[0,0],"13":[0],"14":[0,0],"15":[0],"16":[0]}}
,"/home/lawrence/Projects/polling-app/app/api/polls/[id]/vote/route.ts": {"path":"/home/lawrence/Projects/polling-app/app/api/polls/[id]/vote/route.ts","statementMap":{"0":{"start":{"line":9,"column":22},"end":{"line":9,"column":27}},"1":{"start":{"line":1,"column":29},"end":{"line":1,"column":null}},"2":{"start":{"line":2,"column":29},"end":{"line":2,"column":null}},"3":{"start":{"line":3,"column":18},"end":{"line":3,"column":null}},"4":{"start":{"line":5,"column":19},"end":{"line":7,"column":null}},"5":{"start":{"line":10,"column":2},"end":{"line":144,"column":null}},"6":{"start":{"line":11,"column":21},"end":{"line":11,"column":null}},"7":{"start":{"line":12,"column":19},"end":{"line":12,"column":28}},"8":{"start":{"line":15,"column":17},"end":{"line":15,"column":null}},"9":{"start":{"line":16,"column":25},"end":{"line":16,"column":null}},"10":{"start":{"line":19,"column":22},"end":{"line":20,"column":87}},"11":{"start":{"line":23,"column":45},"end":{"line":31,"column":null}},"12":{"start":{"line":33,"column":4},"end":{"line":38,"column":null}},"13":{"start":{"line":34,"column":6},"end":{"line":36,"column":null}},"14":{"start":{"line":41,"column":24},"end":{"line":41,"column":null}},"15":{"start":{"line":41,"column":52},"end":{"line":41,"column":null}},"16":{"start":{"line":42,"column":4},"end":{"line":47,"column":null}},"17":{"start":{"line":43,"column":6},"end":{"line":45,"column":null}},"18":{"start":{"line":50,"column":35},"end":{"line":55,"column":null}},"19":{"start":{"line":57,"column":4},"end":{"line":62,"column":null}},"20":{"start":{"line":58,"column":6},"end":{"line":60,"column":null}},"21":{"start":{"line":65,"column":33},"end":{"line":71,"column":null}},"22":{"start":{"line":73,"column":4},"end":{"line":79,"column":null}},"23":{"start":{"line":74,"column":6},"end":{"line":74,"column":null}},"24":{"start":{"line":75,"column":6},"end":{"line":77,"column":null}},"25":{"start":{"line":82,"column":51},"end":{"line":91,"column":null}},"26":{"start":{"line":93,"column":4},"end":{"line":99,"column":null}},"27":{"start":{"line":94,"column":6},"end":{"line":94,"column":null}},"28":{"start":{"line":95,"column":6},"end":{"line":97,"column":null}},"29":{"start":{"line":102,"column":30},"end":{"line":107,"column":null}},"30":{"start":{"line":102,"column":53},"end":{"line":107,"column":null}},"31":{"start":{"line":109,"column":23},"end":{"line":109,"column":null}},"32":{"start":{"line":109,"column":65},"end":{"line":109,"column":83}},"33":{"start":{"line":111,"column":21},"end":{"line":119,"column":null}},"34":{"start":{"line":122,"column":4},"end":{"line":127,"column":null}},"35":{"start":{"line":129,"column":4},"end":{"line":129,"column":null}},"36":{"start":{"line":131,"column":4},"end":{"line":131,"column":null}},"37":{"start":{"line":133,"column":4},"end":{"line":138,"column":null}},"38":{"start":{"line":134,"column":6},"end":{"line":136,"column":null}},"39":{"start":{"line":140,"column":4},"end":{"line":142,"column":null}}},"fnMap":{"0":{"name":"POST","decl":{"start":{"line":9,"column":22},"end":{"line":9,"column":27}},"loc":{"start":{"line":9,"column":83},"end":{"line":145,"column":null}}},"1":{"name":"(anonymous_2)","decl":{"start":{"line":41,"column":42},"end":{"line":41,"column":52}},"loc":{"start":{"line":41,"column":52},"end":{"line":41,"column":null}}},"2":{"name":"(anonymous_3)","decl":{"start":{"line":102,"column":42},"end":{"line":102,"column":53}},"loc":{"start":{"line":102,"column":53},"end":{"line":107,"column":null}}},"3":{"name":"(anonymous_4)","decl":{"start":{"line":109,"column":48},"end":{"line":109,"column":49}},"loc":{"start":{"line":109,"column":65},"end":{"line":109,"column":83}}}},"branchMap":{"0":{"loc":{"start":{"line":19,"column":22},"end":{"line":20,"column":87}},"type":"binary-expr","locations":[{"start":{"line":19,"column":22},"end":{"line":19,"column":null}},{"start":{"line":20,"column":21},"end":{"line":20,"column":87}}]},"1":{"loc":{"start":{"line":33,"column":4},"end":{"line":38,"column":null}},"type":"if","locations":[{"start":{"line":33,"column":4},"end":{"line":38,"column":null}}]},"2":{"loc":{"start":{"line":33,"column":8},"end":{"line":33,"column":28}},"type":"binary-expr","locations":[{"start":{"line":33,"column":8},"end":{"line":33,"column":21}},{"start":{"line":33,"column":21},"end":{"line":33,"column":28}}]},"3":{"loc":{"start":{"line":42,"column":4},"end":{"line":47,"column":null}},"type":"if","locations":[{"start":{"line":42,"column":4},"end":{"line":47,"column":null}}]},"4":{"loc":{"start":{"line":57,"column":4},"end":{"line":62,"column":null}},"type":"if","locations":[{"start":{"line":57,"column":4},"end":{"line":62,"column":null}}]},"5":{"loc":{"start":{"line":73,"column":4},"end":{"line":79,"column":null}},"type":"if","locations":[{"start":{"line":73,"column":4},"end":{"line":79,"column":null}}]},"6":{"loc":{"start":{"line":93,"column":4},"end":{"line":99,"column":null}},"type":"if","locations":[{"start":{"line":93,"column":4},"end":{"line":99,"column":null}}]},"7":{"loc":{"start":{"line":133,"column":4},"end":{"line":138,"column":null}},"type":"if","locations":[{"start":{"line":133,"column":4},"end":{"line":138,"column":null}}]}},"s":{"0":0,"1":0,"2":0,"3":0,"4":0,"5":0,"6":0,"7":0,"8":0,"9":0,"10":0,"11":0,"12":0,"13":0,"14":0,"15":0,"16":0,"17":0,"18":0,"19":0,"20":0,"21":0,"22":0,"23":0,"24":0,"25":0,"26":0,"27":0,"28":0,"29":0,"30":0,"31":0,"32":0,"33":0,"34":0,"35":0,"36":0,"37":0,"38":0,"39":0},"f":{"0":0,"1":0,"2":0,"3":0},"b":{"0":[0,0],"1":[0],"2":[0,0],"3":[0],"4":[0],"5":[0],"6":[0],"7":[0]}}
,"/home/lawrence/Projects/polling-app/app/auth/login/page.tsx": {"path":"/home/lawrence/Projects/polling-app/app/auth/login/page.tsx","statementMap":{"0":{"start":{"line":21,"column":24},"end":{"line":21,"column":null}},"1":{"start":{"line":3,"column":25},"end":{"line":3,"column":null}},"2":{"start":{"line":4,"column":26},"end":{"line":4,"column":null}},"3":{"start":{"line":5,"column":17},"end":{"line":5,"column":null}},"4":{"start":{"line":6,"column":24},"end":{"line":6,"column":null}},"5":{"start":{"line":7,"column":28},"end":{"line":7,"column":null}},"6":{"start":{"line":8,"column":19},"end":{"line":8,"column":null}},"7":{"start":{"line":9,"column":23},"end":{"line":9,"column":null}},"8":{"start":{"line":10,"column":22},"end":{"line":10,"column":null}},"9":{"start":{"line":11,"column":86},"end":{"line":11,"column":null}},"10":{"start":{"line":12,"column":79},"end":{"line":12,"column":null}},"11":{"start":{"line":14,"column":19},"end":{"line":17,"column":null}},"12":{"start":{"line":22,"column":36},"end":{"line":22,"column":null}},"13":{"start":{"line":23,"column":17},"end":{"line":23,"column":null}},"14":{"start":{"line":25,"column":15},"end":{"line":31,"column":null}},"15":{"start":{"line":34,"column":4},"end":{"line":34,"column":null}},"16":{"start":{"line":36,"column":4},"end":{"line":59,"column":null}},"17":{"start":{"line":38,"column":31},"end":{"line":38,"column":null}},"18":{"start":{"line":38,"column":37},"end":{"line":38,"column":null}},"19":{"start":{"line":39,"column":23},"end":{"line":39,"column":null}},"20":{"start":{"line":41,"column":24},"end":{"line":44,"column":null}},"21":{"start":{"line":46,"column":6},"end":{"line":48,"column":null}},"22":{"start":{"line":47,"column":8},"end":{"line":47,"column":null}},"23":{"start":{"line":50,"column":6},"end":{"line":50,"column":null}},"24":{"start":{"line":51,"column":6},"end":{"line":51,"column":null}},"25":{"start":{"line":53,"column":6},"end":{"line":53,"column":null}},"26":{"start":{"line":54,"column":6},"end":{"line":56,"column":null}},"27":{"start":{"line":58,"column":6},"end":{"line":58,"column":null}}},"fnMap":{"0":{"name":"LoginPage","decl":{"start":{"line":21,"column":24},"end":{"line":21,"column":null}},"loc":{"start":{"line":21,"column":24},"end":{"line":136,"column":null}}},"1":{"name":"onSubmit","decl":{"start":{"line":33,"column":17},"end":{"line":33,"column":26}},"loc":{"start":{"line":33,"column":40},"end":{"line":60,"column":null}}},"2":{"name":"(anonymous_7)","decl":{"start":{"line":38,"column":37},"end":{"line":38,"column":44}},"loc":{"start":{"line":38,"column":37},"end":{"line":38,"column":null}}}},"branchMap":{"0":{"loc":{"start":{"line":46,"column":6},"end":{"line":48,"column":null}},"type":"if","locations":[{"start":{"line":46,"column":6},"end":{"line":48,"column":null}}]},"1":{"loc":{"start":{"line":55,"column":17},"end":{"line":55,"column":null}},"type":"cond-expr","locations":[{"start":{"line":55,"column":42},"end":{"line":55,"column":55}},{"start":{"line":55,"column":58},"end":{"line":55,"column":null}}]},"2":{"loc":{"start":{"line":110,"column":15},"end":{"line":110,"column":41}},"type":"binary-expr","locations":[{"start":{"line":110,"column":15},"end":{"line":110,"column":41}}]},"3":{"loc":{"start":{"line":120,"column":17},"end":{"line":120,"column":null}},"type":"cond-expr","locations":[{"start":{"line":120,"column":29},"end":{"line":120,"column":47}},{"start":{"line":120,"column":47},"end":{"line":120,"column":null}}]}},"s":{"0":0,"1":0,"2":0,"3":0,"4":0,"5":0,"6":0,"7":0,"8":0,"9":0,"10":0,"11":0,"12":0,"13":0,"14":0,"15":0,"16":0,"17":0,"18":0,"19":0,"20":0,"21":0,"22":0,"23":0,"24":0,"25":0,"26":0,"27":0},"f":{"0":0,"1":0,"2":0},"b":{"0":[0],"1":[0,0],"2":[0],"3":[0,0]}}
,"/home/lawrence/Projects/polling-app/app/auth/register/page.tsx": {"path":"/home/lawrence/Projects/polling-app/app/auth/register/page.tsx","statementMap":{"0":{"start":{"line":25,"column":24},"end":{"line":25,"column":null}},"1":{"start":{"line":3,"column":25},"end":{"line":3,"column":null}},"2":{"start":{"line":4,"column":26},"end":{"line":4,"column":null}},"3":{"start":{"line":5,"column":17},"end":{"line":5,"column":null}},"4":{"start":{"line":6,"column":24},"end":{"line":6,"column":null}},"5":{"start":{"line":7,"column":28},"end":{"line":7,"column":null}},"6":{"start":{"line":8,"column":19},"end":{"line":8,"column":null}},"7":{"start":{"line":9,"column":23},"end":{"line":9,"column":null}},"8":{"start":{"line":10,"column":22},"end":{"line":10,"column":null}},"9":{"start":{"line":11,"column":86},"end":{"line":11,"column":null}},"10":{"start":{"line":12,"column":79},"end":{"line":12,"column":null}},"11":{"start":{"line":14,"column":19},"end":{"line":21,"column":null}},"12":{"start":{"line":18,"column":20},"end":{"line":18,"column":58}},"13":{"start":{"line":26,"column":36},"end":{"line":26,"column":null}},"14":{"start":{"line":27,"column":46},"end":{"line":27,"column":null}},"15":{"start":{"line":28,"column":17},"end":{"line":28,"column":null}},"16":{"start":{"line":30,"column":15},"end":{"line":37,"column":null}},"17":{"start":{"line":40,"column":4},"end":{"line":40,"column":null}},"18":{"start":{"line":41,"column":4},"end":{"line":41,"column":null}},"19":{"start":{"line":43,"column":4},"end":{"line":71,"column":null}},"20":{"start":{"line":45,"column":31},"end":{"line":45,"column":null}},"21":{"start":{"line":45,"column":37},"end":{"line":45,"column":null}},"22":{"start":{"line":46,"column":23},"end":{"line":46,"column":null}},"23":{"start":{"line":48,"column":40},"end":{"line":51,"column":null}},"24":{"start":{"line":53,"column":6},"end":{"line":55,"column":null}},"25":{"start":{"line":54,"column":8},"end":{"line":54,"column":null}},"26":{"start":{"line":58,"column":6},"end":{"line":62,"column":null}},"27":{"start":{"line":59,"column":8},"end":{"line":59,"column":null}},"28":{"start":{"line":61,"column":8},"end":{"line":61,"column":null}},"29":{"start":{"line":63,"column":6},"end":{"line":63,"column":null}},"30":{"start":{"line":65,"column":6},"end":{"line":65,"column":null}},"31":{"start":{"line":66,"column":6},"end":{"line":68,"column":null}},"32":{"start":{"line":70,"column":6},"end":{"line":70,"column":null}},"33":{"start":{"line":92,"column":31},"end":{"line":92,"column":null}}},"fnMap":{"0":{"name":"(anonymous_5)","decl":{"start":{"line":18,"column":10},"end":{"line":18,"column":11}},"loc":{"start":{"line":18,"column":20},"end":{"line":18,"column":58}}},"1":{"name":"RegisterPage","decl":{"start":{"line":25,"column":24},"end":{"line":25,"column":null}},"loc":{"start":{"line":25,"column":24},"end":{"line":179,"column":null}}},"2":{"name":"onSubmit","decl":{"start":{"line":39,"column":17},"end":{"line":39,"column":26}},"loc":{"start":{"line":39,"column":40},"end":{"line":72,"column":null}}},"3":{"name":"(anonymous_8)","decl":{"start":{"line":45,"column":37},"end":{"line":45,"column":44}},"loc":{"start":{"line":45,"column":37},"end":{"line":45,"column":null}}},"4":{"name":"(anonymous_9)","decl":{"start":{"line":92,"column":25},"end":{"line":92,"column":31}},"loc":{"start":{"line":92,"column":31},"end":{"line":92,"column":null}}}},"branchMap":{"0":{"loc":{"start":{"line":53,"column":6},"end":{"line":55,"column":null}},"type":"if","locations":[{"start":{"line":53,"column":6},"end":{"line":55,"column":null}}]},"1":{"loc":{"start":{"line":58,"column":6},"end":{"line":62,"column":null}},"type":"if","locations":[{"start":{"line":58,"column":6},"end":{"line":62,"column":null}},{"start":{"line":60,"column":13},"end":{"line":62,"column":null}}]},"2":{"loc":{"start":{"line":58,"column":10},"end":{"line":58,"column":45}},"type":"binary-expr","locations":[{"start":{"line":58,"column":10},"end":{"line":58,"column":28}},{"start":{"line":58,"column":28},"end":{"line":58,"column":45}}]},"3":{"loc":{"start":{"line":67,"column":17},"end":{"line":67,"column":null}},"type":"cond-expr","locations":[{"start":{"line":67,"column":42},"end":{"line":67,"column":55}},{"start":{"line":67,"column":58},"end":{"line":67,"column":null}}]},"4":{"loc":{"start":{"line":87,"column":12},"end":{"line":99,"column":13}},"type":"cond-expr","locations":[{"start":{"line":87,"column":12},"end":{"line":99,"column":13}}]},"5":{"loc":{"start":{"line":152,"column":17},"end":{"line":152,"column":43}},"type":"binary-expr","locations":[{"start":{"line":152,"column":17},"end":{"line":152,"column":43}}]},"6":{"loc":{"start":{"line":162,"column":19},"end":{"line":162,"column":null}},"type":"cond-expr","locations":[{"start":{"line":162,"column":31},"end":{"line":162,"column":55}},{"start":{"line":162,"column":55},"end":{"line":162,"column":null}}]}},"s":{"0":0,"1":0,"2":0,"3":0,"4":0,"5":0,"6":0,"7":0,"8":0,"9":0,"10":0,"11":0,"12":0,"13":0,"14":0,"15":0,"16":0,"17":0,"18":0,"19":0,"20":0,"21":0,"22":0,"23":0,"24":0,"25":0,"26":0,"27":0,"28":0,"29":0,"30":0,"31":0,"32":0,"33":0},"f":{"0":0,"1":0,"2":0,"3":0,"4":0},"b":{"0":[0],"1":[0,0],"2":[0,0],"3":[0,0],"4":[0],"5":[0],"6":[0,0]}}
,"/home/lawrence/Projects/polling-app/app/polls/page.tsx": {"path":"/home/lawrence/Projects/polling-app/app/polls/page.tsx","statementMap":{"0":{"start":{"line":38,"column":24},"end":{"line":38,"column":null}},"1":{"start":{"line":3,"column":36},"end":{"line":3,"column":null}},"2":{"start":{"line":4,"column":26},"end":{"line":4,"column":null}},"3":{"start":{"line":5,"column":17},"end":{"line":5,"column":null}},"4":{"start":{"line":6,"column":23},"end":{"line":6,"column":null}},"5":{"start":{"line":7,"column":74},"end":{"line":7,"column":null}},"6":{"start":{"line":8,"column":74},"end":{"line":8,"column":null}},"7":{"start":{"line":14,"column":7},"end":{"line":14,"column":null}},"8":{"start":{"line":24,"column":7},"end":{"line":24,"column":null}},"9":{"start":{"line":39,"column":28},"end":{"line":39,"column":null}},"10":{"start":{"line":40,"column":36},"end":{"line":40,"column":null}},"11":{"start":{"line":41,"column":28},"end":{"line":41,"column":null}},"12":{"start":{"line":42,"column":50},"end":{"line":42,"column":null}},"13":{"start":{"line":43,"column":42},"end":{"line":43,"column":null}},"14":{"start":{"line":44,"column":38},"end":{"line":44,"column":null}},"15":{"start":{"line":45,"column":17},"end":{"line":45,"column":null}},"16":{"start":{"line":47,"column":2},"end":{"line":49,"column":null}},"17":{"start":{"line":48,"column":4},"end":{"line":48,"column":null}},"18":{"start":{"line":51,"column":21},"end":{"line":72,"column":null}},"19":{"start":{"line":52,"column":4},"end":{"line":71,"column":null}},"20":{"start":{"line":53,"column":23},"end":{"line":53,"column":null}},"21":{"start":{"line":55,"column":6},"end":{"line":58,"column":null}},"22":{"start":{"line":56,"column":8},"end":{"line":56,"column":null}},"23":{"start":{"line":57,"column":8},"end":{"line":57,"column":null}},"24":{"start":{"line":60,"column":6},"end":{"line":62,"column":null}},"25":{"start":{"line":61,"column":8},"end":{"line":61,"column":null}},"26":{"start":{"line":64,"column":19},"end":{"line":64,"column":null}},"27":{"start":{"line":65,"column":6},"end":{"line":65,"column":null}},"28":{"start":{"line":67,"column":6},"end":{"line":67,"column":null}},"29":{"start":{"line":68,"column":6},"end":{"line":68,"column":null}},"30":{"start":{"line":70,"column":6},"end":{"line":70,"column":null}},"31":{"start":{"line":74,"column":25},"end":{"line":76,"column":null}},"32":{"start":{"line":75,"column":4},"end":{"line":75,"column":null}},"33":{"start":{"line":78,"column":27},"end":{"line":99,"column":null}},"34":{"start":{"line":79,"column":4},"end":{"line":79,"column":null}},"35":{"start":{"line":80,"column":4},"end":{"line":98,"column":null}},"36":{"start":{"line":81,"column":23},"end":{"line":83,"column":null}},"37":{"start":{"line":85,"column":6},"end":{"line":87,"column":null}},"38":{"start":{"line":86,"column":8},"end":{"line":86,"column":null}},"39":{"start":{"line":90,"column":6},"end":{"line":90,"column":null}},"40":{"start":{"line":90,"column":36},"end":{"line":90,"column":null}},"41":{"start":{"line":91,"column":6},"end":{"line":91,"column":null}},"42":{"start":{"line":92,"column":6},"end":{"line":92,"column":null}},"43":{"start":{"line":94,"column":6},"end":{"line":94,"column":null}},"44":{"start":{"line":95,"column":6},"end":{"line":95,"column":null}},"45":{"start":{"line":97,"column":6},"end":{"line":97,"column":null}},"46":{"start":{"line":101,"column":27},"end":{"line":104,"column":null}},"47":{"start":{"line":102,"column":4},"end":{"line":102,"column":null}},"48":{"start":{"line":103,"column":4},"end":{"line":103,"column":null}},"49":{"start":{"line":106,"column":2},"end":{"line":135,"column":null}},"50":{"start":{"line":118,"column":14},"end":{"line":118,"column":28}},"51":{"start":{"line":137,"column":2},"end":{"line":156,"column":null}},"52":{"start":{"line":179,"column":14},"end":{"line":179,"column":34}},"53":{"start":{"line":196,"column":57},"end":{"line":196,"column":null}},"54":{"start":{"line":201,"column":41},"end":{"line":201,"column":null}},"55":{"start":{"line":267,"column":29},"end":{"line":267,"column":null}}},"fnMap":{"0":{"name":"PollsPage","decl":{"start":{"line":38,"column":24},"end":{"line":38,"column":null}},"loc":{"start":{"line":38,"column":24},"end":{"line":278,"column":null}}},"1":{"name":"(anonymous_3)","decl":{"start":{"line":47,"column":12},"end":{"line":47,"column":null}},"loc":{"start":{"line":47,"column":12},"end":{"line":49,"column":5}}},"2":{"name":"(anonymous_4)","decl":{"start":{"line":51,"column":21},"end":{"line":51,"column":null}},"loc":{"start":{"line":51,"column":21},"end":{"line":72,"column":null}}},"3":{"name":"(anonymous_5)","decl":{"start":{"line":74,"column":25},"end":{"line":74,"column":26}},"loc":{"start":{"line":74,"column":26},"end":{"line":76,"column":null}}},"4":{"name":"(anonymous_6)","decl":{"start":{"line":78,"column":27},"end":{"line":78,"column":34}},"loc":{"start":{"line":78,"column":34},"end":{"line":99,"column":null}}},"5":{"name":"(anonymous_7)","decl":{"start":{"line":90,"column":28},"end":{"line":90,"column":36}},"loc":{"start":{"line":90,"column":36},"end":{"line":90,"column":null}}},"6":{"name":"(anonymous_8)","decl":{"start":{"line":101,"column":27},"end":{"line":101,"column":28}},"loc":{"start":{"line":101,"column":28},"end":{"line":104,"column":null}}},"7":{"name":"(anonymous_9)","decl":{"start":{"line":117,"column":27},"end":{"line":117,"column":28}},"loc":{"start":{"line":118,"column":14},"end":{"line":118,"column":28}}},"8":{"name":"(anonymous_10)","decl":{"start":{"line":178,"column":23},"end":{"line":178,"column":24}},"loc":{"start":{"line":179,"column":14},"end":{"line":179,"column":34}}},"9":{"name":"(anonymous_11)","decl":{"start":{"line":196,"column":51},"end":{"line":196,"column":57}},"loc":{"start":{"line":196,"column":57},"end":{"line":196,"column":null}}},"10":{"name":"(anonymous_12)","decl":{"start":{"line":201,"column":35},"end":{"line":201,"column":41}},"loc":{"start":{"line":201,"column":41},"end":{"line":201,"column":null}}},"11":{"name":"(anonymous_13)","decl":{"start":{"line":267,"column":23},"end":{"line":267,"column":29}},"loc":{"start":{"line":267,"column":29},"end":{"line":267,"column":null}}}},"branchMap":{"0":{"loc":{"start":{"line":55,"column":6},"end":{"line":58,"column":null}},"type":"if","locations":[{"start":{"line":55,"column":6},"end":{"line":58,"column":null}}]},"1":{"loc":{"start":{"line":60,"column":6},"end":{"line":62,"column":null}},"type":"if","locations":[{"start":{"line":60,"column":6},"end":{"line":62,"column":null}}]},"2":{"loc":{"start":{"line":65,"column":15},"end":{"line":65,"column":31}},"type":"binary-expr","locations":[{"start":{"line":65,"column":15},"end":{"line":65,"column":25}},{"start":{"line":65,"column":29},"end":{"line":65,"column":31}}]},"3":{"loc":{"start":{"line":85,"column":6},"end":{"line":87,"column":null}},"type":"if","locations":[{"start":{"line":85,"column":6},"end":{"line":87,"column":null}}]},"4":{"loc":{"start":{"line":106,"column":2},"end":{"line":135,"column":null}},"type":"if","locations":[{"start":{"line":106,"column":2},"end":{"line":135,"column":null}}]},"5":{"loc":{"start":{"line":137,"column":2},"end":{"line":156,"column":null}},"type":"if","locations":[{"start":{"line":137,"column":2},"end":{"line":156,"column":null}}]},"6":{"loc":{"start":{"line":165,"column":15},"end":{"line":165,"column":33}},"type":"binary-expr","locations":[{"start":{"line":165,"column":15},"end":{"line":165,"column":27}},{"start":{"line":165,"column":31},"end":{"line":165,"column":33}}]},"7":{"loc":{"start":{"line":165,"column":39},"end":{"line":165,"column":69}},"type":"cond-expr","locations":[{"start":{"line":165,"column":60},"end":{"line":165,"column":66}},{"start":{"line":165,"column":66},"end":{"line":165,"column":69}}]},"8":{"loc":{"start":{"line":177,"column":10},"end":{"line":237,"column":11}},"type":"cond-expr","locations":[{"start":{"line":177,"column":10},"end":{"line":237,"column":11}}]},"9":{"loc":{"start":{"line":216,"column":25},"end":{"line":216,"column":51}},"type":"binary-expr","locations":[{"start":{"line":216,"column":25},"end":{"line":216,"column":49}},{"start":{"line":216,"column":49},"end":{"line":216,"column":51}}]},"10":{"loc":{"start":{"line":220,"column":25},"end":{"line":220,"column":46}},"type":"binary-expr","locations":[{"start":{"line":220,"column":25},"end":{"line":220,"column":40}},{"start":{"line":220,"column":44},"end":{"line":220,"column":46}}]},"11":{"loc":{"start":{"line":267,"column":29},"end":{"line":267,"column":null}},"type":"binary-expr","locations":[{"start":{"line":267,"column":29},"end":{"line":267,"column":45}},{"start":{"line":267,"column":45},"end":{"line":267,"column":null}}]},"12":{"loc":{"start":{"line":271,"column":15},"end":{"line":271,"column":null}},"type":"cond-expr","locations":[{"start":{"line":271,"column":28},"end":{"line":271,"column":44}},{"start":{"line":271,"column":44},"end":{"line":271,"column":null}}]}},"s":{"0":0,"1":0,"2":0,"3":0,"4":0,"5":0,"6":0,"7":0,"8":0,"9":0,"10":0,"11":0,"12":0,"13":0,"14":0,"15":0,"16":0,"17":0,"18":0,"19":0,"20":0,"21":0,"22":0,"23":0,"24":0,"25":0,"26":0,"27":0,"28":0,"29":0,"30":0,"31":0,"32":0,"33":0,"34":0,"35":0,"36":0,"37":0,"38":0,"39":0,"40":0,"41":0,"42":0,"43":0,"44":0,"45":0,"46":0,"47":0,"48":0,"49":0,"50":0,"51":0,"52":0,"53":0,"54":0,"55":0},"f":{"0":0,"1":0,"2":0,"3":0,"4":0,"5":0,"6":0,"7":0,"8":0,"9":0,"10":0,"11":0},"b":{"0":[0],"1":[0],"2":[0,0],"3":[0],"4":[0],"5":[0],"6":[0,0],"7":[0,0],"8":[0],"9":[0,0],"10":[0,0],"11":[0,0],"12":[0,0]}}
,"/home/lawrence/Projects/polling-app/app/polls/[id]/page.tsx": {"path":"/home/lawrence/Projects/polling-app/app/polls/[id]/page.tsx","statementMap":{"0":{"start":{"line":33,"column":24},"end":{"line":33,"column":null}},"1":{"start":{"line":3,"column":36},"end":{"line":3,"column":null}},"2":{"start":{"line":4,"column":26},"end":{"line":4,"column":null}},"3":{"start":{"line":5,"column":58},"end":{"line":5,"column":null}},"4":{"start":{"line":6,"column":17},"end":{"line":6,"column":null}},"5":{"start":{"line":8,"column":23},"end":{"line":8,"column":null}},"6":{"start":{"line":9,"column":74},"end":{"line":9,"column":null}},"7":{"start":{"line":10,"column":22},"end":{"line":10,"column":null}},"8":{"start":{"line":34,"column":26},"end":{"line":34,"column":null}},"9":{"start":{"line":35,"column":36},"end":{"line":35,"column":null}},"10":{"start":{"line":36,"column":34},"end":{"line":36,"column":null}},"11":{"start":{"line":37,"column":46},"end":{"line":37,"column":null}},"12":{"start":{"line":38,"column":36},"end":{"line":42,"column":null}},"13":{"start":{"line":43,"column":28},"end":{"line":43,"column":null}},"14":{"start":{"line":45,"column":17},"end":{"line":45,"column":null}},"15":{"start":{"line":46,"column":17},"end":{"line":46,"column":null}},"16":{"start":{"line":48,"column":2},"end":{"line":52,"column":null}},"17":{"start":{"line":49,"column":4},"end":{"line":51,"column":null}},"18":{"start":{"line":50,"column":6},"end":{"line":50,"column":null}},"19":{"start":{"line":54,"column":20},"end":{"line":70,"column":null}},"20":{"start":{"line":55,"column":4},"end":{"line":69,"column":null}},"21":{"start":{"line":56,"column":23},"end":{"line":56,"column":null}},"22":{"start":{"line":58,"column":6},"end":{"line":60,"column":null}},"23":{"start":{"line":59,"column":8},"end":{"line":59,"column":null}},"24":{"start":{"line":62,"column":19},"end":{"line":62,"column":null}},"25":{"start":{"line":63,"column":6},"end":{"line":63,"column":null}},"26":{"start":{"line":65,"column":6},"end":{"line":65,"column":null}},"27":{"start":{"line":66,"column":6},"end":{"line":66,"column":null}},"28":{"start":{"line":68,"column":6},"end":{"line":68,"column":null}},"29":{"start":{"line":72,"column":21},"end":{"line":107,"column":null}},"30":{"start":{"line":73,"column":4},"end":{"line":73,"column":null}},"31":{"start":{"line":73,"column":34},"end":{"line":73,"column":null}},"32":{"start":{"line":75,"column":4},"end":{"line":75,"column":null}},"33":{"start":{"line":77,"column":4},"end":{"line":106,"column":null}},"34":{"start":{"line":78,"column":23},"end":{"line":87,"column":null}},"35":{"start":{"line":89,"column":19},"end":{"line":89,"column":null}},"36":{"start":{"line":91,"column":6},"end":{"line":93,"column":null}},"37":{"start":{"line":92,"column":8},"end":{"line":92,"column":null}},"38":{"start":{"line":96,"column":6},"end":{"line":100,"column":null}},"39":{"start":{"line":102,"column":6},"end":{"line":102,"column":null}},"40":{"start":{"line":103,"column":6},"end":{"line":103,"column":null}},"41":{"start":{"line":105,"column":6},"end":{"line":105,"column":null}},"42":{"start":{"line":109,"column":23},"end":{"line":117,"column":null}},"43":{"start":{"line":111,"column":20},"end":{"line":111,"column":null}},"44":{"start":{"line":112,"column":4},"end":{"line":115,"column":null}},"45":{"start":{"line":113,"column":6},"end":{"line":113,"column":null}},"46":{"start":{"line":114,"column":6},"end":{"line":114,"column":null}},"47":{"start":{"line":116,"column":4},"end":{"line":116,"column":null}},"48":{"start":{"line":119,"column":21},"end":{"line":125,"column":null}},"49":{"start":{"line":120,"column":4},"end":{"line":124,"column":null}},"50":{"start":{"line":127,"column":30},"end":{"line":130,"column":null}},"51":{"start":{"line":128,"column":4},"end":{"line":128,"column":null}},"52":{"start":{"line":128,"column":21},"end":{"line":128,"column":null}},"53":{"start":{"line":129,"column":4},"end":{"line":129,"column":null}},"54":{"start":{"line":132,"column":2},"end":{"line":156,"column":null}},"55":{"start":{"line":158,"column":2},"end":{"line":181,"column":null}},"56":{"start":{"line":183,"column":2},"end":{"line":201,"column":null}},"57":{"start":{"line":203,"column":22},"end":{"line":203,"column":null}},"58":{"start":{"line":204,"column":22},"end":{"line":204,"column":40}},"59":{"start":{"line":255,"column":39},"end":{"line":255,"column":null}},"60":{"start":{"line":256,"column":39},"end":{"line":256,"column":79}},"61":{"start":{"line":258,"column":20},"end":{"line":259,"column":43}},"62":{"start":{"line":303,"column":20},"end":{"line":303,"column":41}},"63":{"start":{"line":310,"column":41},"end":{"line":310,"column":null}}},"fnMap":{"0":{"name":"PollDetailPage","decl":{"start":{"line":33,"column":24},"end":{"line":33,"column":null}},"loc":{"start":{"line":33,"column":24},"end":{"line":348,"column":null}}},"1":{"name":"(anonymous_3)","decl":{"start":{"line":48,"column":12},"end":{"line":48,"column":null}},"loc":{"start":{"line":48,"column":12},"end":{"line":52,"column":5}}},"2":{"name":"(anonymous_4)","decl":{"start":{"line":54,"column":20},"end":{"line":54,"column":null}},"loc":{"start":{"line":54,"column":20},"end":{"line":70,"column":null}}},"3":{"name":"(anonymous_5)","decl":{"start":{"line":72,"column":21},"end":{"line":72,"column":null}},"loc":{"start":{"line":72,"column":21},"end":{"line":107,"column":null}}},"4":{"name":"(anonymous_6)","decl":{"start":{"line":109,"column":23},"end":{"line":109,"column":null}},"loc":{"start":{"line":109,"column":23},"end":{"line":117,"column":null}}},"5":{"name":"(anonymous_7)","decl":{"start":{"line":119,"column":21},"end":{"line":119,"column":22}},"loc":{"start":{"line":119,"column":22},"end":{"line":125,"column":null}}},"6":{"name":"(anonymous_8)","decl":{"start":{"line":127,"column":30},"end":{"line":127,"column":31}},"loc":{"start":{"line":127,"column":46},"end":{"line":130,"column":null}}},"7":{"name":"(anonymous_9)","decl":{"start":{"line":254,"column":43},"end":{"line":254,"column":44}},"loc":{"start":{"line":254,"column":44},"end":{"line":281,"column":null}}},"8":{"name":"(anonymous_10)","decl":{"start":{"line":302,"column":36},"end":{"line":302,"column":37}},"loc":{"start":{"line":303,"column":20},"end":{"line":303,"column":41}}},"9":{"name":"(anonymous_11)","decl":{"start":{"line":310,"column":34},"end":{"line":310,"column":35}},"loc":{"start":{"line":310,"column":41},"end":{"line":310,"column":null}}}},"branchMap":{"0":{"loc":{"start":{"line":49,"column":4},"end":{"line":51,"column":null}},"type":"if","locations":[{"start":{"line":49,"column":4},"end":{"line":51,"column":null}}]},"1":{"loc":{"start":{"line":58,"column":6},"end":{"line":60,"column":null}},"type":"if","locations":[{"start":{"line":58,"column":6},"end":{"line":60,"column":null}}]},"2":{"loc":{"start":{"line":73,"column":4},"end":{"line":73,"column":null}},"type":"if","locations":[{"start":{"line":73,"column":4},"end":{"line":73,"column":null}}]},"3":{"loc":{"start":{"line":73,"column":8},"end":{"line":73,"column":34}},"type":"binary-expr","locations":[{"start":{"line":73,"column":8},"end":{"line":73,"column":27}},{"start":{"line":73,"column":27},"end":{"line":73,"column":34}}]},"4":{"loc":{"start":{"line":91,"column":6},"end":{"line":93,"column":null}},"type":"if","locations":[{"start":{"line":91,"column":6},"end":{"line":93,"column":null}}]},"5":{"loc":{"start":{"line":92,"column":24},"end":{"line":92,"column":null}},"type":"binary-expr","locations":[{"start":{"line":92,"column":24},"end":{"line":92,"column":34}},{"start":{"line":92,"column":38},"end":{"line":92,"column":null}}]},"6":{"loc":{"start":{"line":103,"column":15},"end":{"line":103,"column":null}},"type":"cond-expr","locations":[{"start":{"line":103,"column":40},"end":{"line":103,"column":53}},{"start":{"line":103,"column":56},"end":{"line":103,"column":null}}]},"7":{"loc":{"start":{"line":112,"column":4},"end":{"line":115,"column":null}},"type":"if","locations":[{"start":{"line":112,"column":4},"end":{"line":115,"column":null}}]},"8":{"loc":{"start":{"line":128,"column":4},"end":{"line":128,"column":null}},"type":"if","locations":[{"start":{"line":128,"column":4},"end":{"line":128,"column":null}}]},"9":{"loc":{"start":{"line":132,"column":2},"end":{"line":156,"column":null}},"type":"if","locations":[{"start":{"line":132,"column":2},"end":{"line":156,"column":null}}]},"10":{"loc":{"start":{"line":158,"column":2},"end":{"line":181,"column":null}},"type":"if","locations":[{"start":{"line":158,"column":2},"end":{"line":181,"column":null}}]},"11":{"loc":{"start":{"line":183,"column":2},"end":{"line":201,"column":null}},"type":"if","locations":[{"start":{"line":183,"column":2},"end":{"line":201,"column":null}}]},"12":{"loc":{"start":{"line":203,"column":22},"end":{"line":203,"column":null}},"type":"binary-expr","locations":[{"start":{"line":203,"column":22},"end":{"line":203,"column":39}},{"start":{"line":203,"column":43},"end":{"line":203,"column":null}}]},"13":{"loc":{"start":{"line":229,"column":42},"end":{"line":229,"column":null}},"type":"cond-expr","locations":[{"start":{"line":229,"column":73},"end":{"line":229,"column":82}},{"start":{"line":229,"column":82},"end":{"line":229,"column":null}}]},"14":{"loc":{"start":{"line":240,"column":12},"end":{"line":292,"column":27}},"type":"cond-expr","locations":[{"start":{"line":240,"column":12},"end":{"line":292,"column":27}}]},"15":{"loc":{"start":{"line":261,"column":58},"end":{"line":261,"column":105}},"type":"cond-expr","locations":[{"start":{"line":261,"column":71},"end":{"line":261,"column":89}},{"start":{"line":261,"column":89},"end":{"line":261,"column":105}}]},"16":{"loc":{"start":{"line":263,"column":29},"end":{"line":263,"column":null}},"type":"binary-expr","locations":[{"start":{"line":263,"column":29},"end":{"line":263,"column":null}}]},"17":{"loc":{"start":{"line":274,"column":30},"end":{"line":274,"column":null}},"type":"cond-expr","locations":[{"start":{"line":274,"column":43},"end":{"line":274,"column":59}},{"start":{"line":274,"column":59},"end":{"line":274,"column":null}}]},"18":{"loc":{"start":{"line":323,"column":17},"end":{"line":323,"column":null}},"type":"binary-expr","locations":[{"start":{"line":323,"column":17},"end":{"line":323,"column":null}}]},"19":{"loc":{"start":{"line":331,"column":28},"end":{"line":331,"column":null}},"type":"binary-expr","locations":[{"start":{"line":331,"column":28},"end":{"line":331,"column":47}},{"start":{"line":331,"column":47},"end":{"line":331,"column":null}}]},"20":{"loc":{"start":{"line":335,"column":19},"end":{"line":335,"column":null}},"type":"cond-expr","locations":[{"start":{"line":335,"column":30},"end":{"line":335,"column":50}},{"start":{"line":335,"column":50},"end":{"line":335,"column":null}}]}},"s":{"0":0,"1":0,"2":0,"3":0,"4":0,"5":0,"6":0,"7":0,"8":0,"9":0,"10":0,"11":0,"12":0,"13":0,"14":0,"15":0,"16":0,"17":0,"18":0,"19":0,"20":0,"21":0,"22":0,"23":0,"24":0,"25":0,"26":0,"27":0,"28":0,"29":0,"30":0,"31":0,"32":0,"33":0,"34":0,"35":0,"36":0,"37":0,"38":0,"39":0,"40":0,"41":0,"42":0,"43":0,"44":0,"45":0,"46":0,"47":0,"48":0,"49":0,"50":0,"51":0,"52":0,"53":0,"54":0,"55":0,"56":0,"57":0,"58":0,"59":0,"60":0,"61":0,"62":0,"63":0},"f":{"0":0,"1":0,"2":0,"3":0,"4":0,"5":0,"6":0,"7":0,"8":0,"9":0},"b":{"0":[0],"1":[0],"2":[0],"3":[0,0],"4":[0],"5":[0,0],"6":[0,0],"7":[0],"8":[0],"9":[0],"10":[0],"11":[0],"12":[0,0],"13":[0,0],"14":[0],"15":[0,0],"16":[0],"17":[0,0],"18":[0],"19":[0,0],"20":[0,0]}}
,"/home/lawrence/Projects/polling-app/app/polls/edit/[id]/page.tsx": {"path":"/home/lawrence/Projects/polling-app/app/polls/edit/[id]/page.tsx","statementMap":{"0":{"start":{"line":35,"column":24},"end":{"line":35,"column":null}},"1":{"start":{"line":3,"column":36},"end":{"line":3,"column":null}},"2":{"start":{"line":4,"column":37},"end":{"line":4,"column":null}},"3":{"start":{"line":5,"column":39},"end":{"line":5,"column":null}},"4":{"start":{"line":6,"column":28},"end":{"line":6,"column":null}},"5":{"start":{"line":7,"column":18},"end":{"line":7,"column":null}},"6":{"start":{"line":8,"column":35},"end":{"line":8,"column":null}},"7":{"start":{"line":9,"column":17},"end":{"line":9,"column":null}},"8":{"start":{"line":11,"column":23},"end":{"line":11,"column":null}},"9":{"start":{"line":12,"column":74},"end":{"line":12,"column":null}},"10":{"start":{"line":13,"column":22},"end":{"line":13,"column":null}},"11":{"start":{"line":14,"column":22},"end":{"line":14,"column":null}},"12":{"start":{"line":16,"column":23},"end":{"line":21,"column":null}},"13":{"start":{"line":36,"column":36},"end":{"line":36,"column":null}},"14":{"start":{"line":37,"column":44},"end":{"line":37,"column":null}},"15":{"start":{"line":38,"column":40},"end":{"line":38,"column":null}},"16":{"start":{"line":39,"column":28},"end":{"line":39,"column":null}},"17":{"start":{"line":40,"column":17},"end":{"line":40,"column":null}},"18":{"start":{"line":41,"column":17},"end":{"line":41,"column":null}},"19":{"start":{"line":42,"column":17},"end":{"line":42,"column":null}},"20":{"start":{"line":44,"column":15},"end":{"line":53,"column":null}},"21":{"start":{"line":55,"column":37},"end":{"line":58,"column":null}},"22":{"start":{"line":60,"column":2},"end":{"line":64,"column":null}},"23":{"start":{"line":61,"column":4},"end":{"line":63,"column":null}},"24":{"start":{"line":62,"column":6},"end":{"line":62,"column":null}},"25":{"start":{"line":66,"column":20},"end":{"line":100,"column":null}},"26":{"start":{"line":67,"column":4},"end":{"line":99,"column":null}},"27":{"start":{"line":68,"column":23},"end":{"line":68,"column":null}},"28":{"start":{"line":70,"column":6},"end":{"line":73,"column":null}},"29":{"start":{"line":71,"column":8},"end":{"line":71,"column":null}},"30":{"start":{"line":72,"column":8},"end":{"line":72,"column":null}},"31":{"start":{"line":75,"column":6},"end":{"line":78,"column":null}},"32":{"start":{"line":76,"column":8},"end":{"line":76,"column":null}},"33":{"start":{"line":77,"column":8},"end":{"line":77,"column":null}},"34":{"start":{"line":80,"column":6},"end":{"line":82,"column":null}},"35":{"start":{"line":81,"column":8},"end":{"line":81,"column":null}},"36":{"start":{"line":84,"column":19},"end":{"line":84,"column":null}},"37":{"start":{"line":85,"column":25},"end":{"line":85,"column":34}},"38":{"start":{"line":88,"column":6},"end":{"line":93,"column":null}},"39":{"start":{"line":91,"column":26},"end":{"line":91,"column":49}},"40":{"start":{"line":92,"column":26},"end":{"line":92,"column":null}},"41":{"start":{"line":95,"column":6},"end":{"line":95,"column":null}},"42":{"start":{"line":96,"column":6},"end":{"line":96,"column":null}},"43":{"start":{"line":98,"column":6},"end":{"line":98,"column":null}},"44":{"start":{"line":103,"column":4},"end":{"line":103,"column":null}},"45":{"start":{"line":105,"column":4},"end":{"line":136,"column":null}},"46":{"start":{"line":106,"column":23},"end":{"line":115,"column":null}},"47":{"start":{"line":113,"column":46},"end":{"line":113,"column":57}},"48":{"start":{"line":117,"column":6},"end":{"line":120,"column":null}},"49":{"start":{"line":118,"column":22},"end":{"line":118,"column":null}},"50":{"start":{"line":119,"column":8},"end":{"line":119,"column":null}},"51":{"start":{"line":123,"column":6},"end":{"line":123,"column":null}},"52":{"start":{"line":126,"column":6},"end":{"line":128,"column":null}},"53":{"start":{"line":127,"column":8},"end":{"line":127,"column":null}},"54":{"start":{"line":130,"column":6},"end":{"line":130,"column":null}},"55":{"start":{"line":131,"column":6},"end":{"line":133,"column":null}},"56":{"start":{"line":135,"column":6},"end":{"line":135,"column":null}},"57":{"start":{"line":139,"column":20},"end":{"line":143,"column":null}},"58":{"start":{"line":140,"column":4},"end":{"line":142,"column":null}},"59":{"start":{"line":141,"column":6},"end":{"line":141,"column":null}},"60":{"start":{"line":145,"column":23},"end":{"line":149,"column":null}},"61":{"start":{"line":146,"column":4},"end":{"line":148,"column":null}},"62":{"start":{"line":147,"column":6},"end":{"line":147,"column":null}},"63":{"start":{"line":151,"column":2},"end":{"line":177,"column":null}},"64":{"start":{"line":179,"column":2},"end":{"line":202,"column":null}},"65":{"start":{"line":288,"column":24},"end":{"line":288,"column":44}},"66":{"start":{"line":306,"column":45},"end":{"line":306,"column":null}},"67":{"start":{"line":348,"column":37},"end":{"line":348,"column":null}}},"fnMap":{"0":{"name":"EditPollPage","decl":{"start":{"line":35,"column":24},"end":{"line":35,"column":null}},"loc":{"start":{"line":35,"column":24},"end":{"line":362,"column":null}}},"1":{"name":"(anonymous_3)","decl":{"start":{"line":60,"column":12},"end":{"line":60,"column":null}},"loc":{"start":{"line":60,"column":12},"end":{"line":64,"column":5}}},"2":{"name":"(anonymous_4)","decl":{"start":{"line":66,"column":20},"end":{"line":66,"column":null}},"loc":{"start":{"line":66,"column":20},"end":{"line":100,"column":null}}},"3":{"name":"(anonymous_5)","decl":{"start":{"line":91,"column":16},"end":{"line":91,"column":17}},"loc":{"start":{"line":91,"column":26},"end":{"line":91,"column":49}}},"4":{"name":"(anonymous_6)","decl":{"start":{"line":92,"column":15},"end":{"line":92,"column":26}},"loc":{"start":{"line":92,"column":26},"end":{"line":92,"column":null}}},"5":{"name":"onSubmit","decl":{"start":{"line":102,"column":17},"end":{"line":102,"column":26}},"loc":{"start":{"line":102,"column":40},"end":{"line":137,"column":null}}},"6":{"name":"(anonymous_8)","decl":{"start":{"line":113,"column":36},"end":{"line":113,"column":46}},"loc":{"start":{"line":113,"column":46},"end":{"line":113,"column":57}}},"7":{"name":"(anonymous_9)","decl":{"start":{"line":126,"column":17},"end":{"line":126,"column":null}},"loc":{"start":{"line":126,"column":17},"end":{"line":128,"column":9}}},"8":{"name":"(anonymous_10)","decl":{"start":{"line":139,"column":20},"end":{"line":139,"column":null}},"loc":{"start":{"line":139,"column":20},"end":{"line":143,"column":null}}},"9":{"name":"(anonymous_11)","decl":{"start":{"line":145,"column":23},"end":{"line":145,"column":24}},"loc":{"start":{"line":145,"column":24},"end":{"line":149,"column":null}}},"10":{"name":"(anonymous_12)","decl":{"start":{"line":287,"column":34},"end":{"line":287,"column":35}},"loc":{"start":{"line":288,"column":24},"end":{"line":288,"column":44}}},"11":{"name":"(anonymous_13)","decl":{"start":{"line":306,"column":39},"end":{"line":306,"column":45}},"loc":{"start":{"line":306,"column":45},"end":{"line":306,"column":null}}},"12":{"name":"(anonymous_14)","decl":{"start":{"line":348,"column":31},"end":{"line":348,"column":37}},"loc":{"start":{"line":348,"column":37},"end":{"line":348,"column":null}}}},"branchMap":{"0":{"loc":{"start":{"line":61,"column":4},"end":{"line":63,"column":null}},"type":"if","locations":[{"start":{"line":61,"column":4},"end":{"line":63,"column":null}}]},"1":{"loc":{"start":{"line":70,"column":6},"end":{"line":73,"column":null}},"type":"if","locations":[{"start":{"line":70,"column":6},"end":{"line":73,"column":null}}]},"2":{"loc":{"start":{"line":75,"column":6},"end":{"line":78,"column":null}},"type":"if","locations":[{"start":{"line":75,"column":6},"end":{"line":78,"column":null}}]},"3":{"loc":{"start":{"line":80,"column":6},"end":{"line":82,"column":null}},"type":"if","locations":[{"start":{"line":80,"column":6},"end":{"line":82,"column":null}}]},"4":{"loc":{"start":{"line":117,"column":6},"end":{"line":120,"column":null}},"type":"if","locations":[{"start":{"line":117,"column":6},"end":{"line":120,"column":null}}]},"5":{"loc":{"start":{"line":119,"column":24},"end":{"line":119,"column":null}},"type":"binary-expr","locations":[{"start":{"line":119,"column":24},"end":{"line":119,"column":35}},{"start":{"line":119,"column":39},"end":{"line":119,"column":null}}]},"6":{"loc":{"start":{"line":132,"column":17},"end":{"line":132,"column":null}},"type":"cond-expr","locations":[{"start":{"line":132,"column":42},"end":{"line":132,"column":55}},{"start":{"line":132,"column":58},"end":{"line":132,"column":null}}]},"7":{"loc":{"start":{"line":140,"column":4},"end":{"line":142,"column":null}},"type":"if","locations":[{"start":{"line":140,"column":4},"end":{"line":142,"column":null}}]},"8":{"loc":{"start":{"line":146,"column":4},"end":{"line":148,"column":null}},"type":"if","locations":[{"start":{"line":146,"column":4},"end":{"line":148,"column":null}}]},"9":{"loc":{"start":{"line":151,"column":2},"end":{"line":177,"column":null}},"type":"if","locations":[{"start":{"line":151,"column":2},"end":{"line":177,"column":null}}]},"10":{"loc":{"start":{"line":179,"column":2},"end":{"line":202,"column":null}},"type":"if","locations":[{"start":{"line":179,"column":2},"end":{"line":202,"column":null}}]},"11":{"loc":{"start":{"line":224,"column":12},"end":{"line":241,"column":13}},"type":"cond-expr","locations":[{"start":{"line":224,"column":12},"end":{"line":241,"column":13}}]},"12":{"loc":{"start":{"line":259,"column":21},"end":{"line":259,"column":51}},"type":"binary-expr","locations":[{"start":{"line":259,"column":21},"end":{"line":259,"column":51}}]},"13":{"loc":{"start":{"line":265,"column":23},"end":{"line":265,"column":59}},"type":"binary-expr","locations":[{"start":{"line":265,"column":23},"end":{"line":265,"column":57}},{"start":{"line":265,"column":57},"end":{"line":265,"column":59}}]},"14":{"loc":{"start":{"line":295,"column":29},"end":{"line":295,"column":null}},"type":"binary-expr","locations":[{"start":{"line":295,"column":29},"end":{"line":295,"column":null}}]},"15":{"loc":{"start":{"line":301,"column":27},"end":{"line":301,"column":null}},"type":"binary-expr","locations":[{"start":{"line":301,"column":27},"end":{"line":301,"column":null}}]},"16":{"loc":{"start":{"line":316,"column":21},"end":{"line":316,"column":null}},"type":"binary-expr","locations":[{"start":{"line":316,"column":21},"end":{"line":316,"column":null}}]},"17":{"loc":{"start":{"line":328,"column":19},"end":{"line":328,"column":45}},"type":"binary-expr","locations":[{"start":{"line":328,"column":19},"end":{"line":328,"column":45}}]},"18":{"loc":{"start":{"line":343,"column":23},"end":{"line":343,"column":null}},"type":"cond-expr","locations":[{"start":{"line":343,"column":35},"end":{"line":343,"column":51}},{"start":{"line":343,"column":51},"end":{"line":343,"column":null}}]}},"s":{"0":0,"1":0,"2":0,"3":0,"4":0,"5":0,"6":0,"7":0,"8":0,"9":0,"10":0,"11":0,"12":0,"13":0,"14":0,"15":0,"16":0,"17":0,"18":0,"19":0,"20":0,"21":0,"22":0,"23":0,"24":0,"25":0,"26":0,"27":0,"28":0,"29":0,"30":0,"31":0,"32":0,"33":0,"34":0,"35":0,"36":0,"37":0,"38":0,"39":0,"40":0,"41":0,"42":0,"43":0,"44":0,"45":0,"46":0,"47":0,"48":0,"49":0,"50":0,"51":0,"52":0,"53":0,"54":0,"55":0,"56":0,"57":0,"58":0,"59":0,"60":0,"61":0,"62":0,"63":0,"64":0,"65":0,"66":0,"67":0},"f":{"0":0,"1":0,"2":0,"3":0,"4":0,"5":0,"6":0,"7":0,"8":0,"9":0,"10":0,"11":0,"12":0},"b":{"0":[0],"1":[0],"2":[0],"3":[0],"4":[0],"5":[0,0],"6":[0,0],"7":[0],"8":[0],"9":[0],"10":[0],"11":[0],"12":[0],"13":[0,0],"14":[0],"15":[0],"16":[0],"17":[0],"18":[0,0]}}
,"/home/lawrence/Projects/polling-app/app/polls/new/page.tsx": {"path":"/home/lawrence/Projects/polling-app/app/polls/new/page.tsx","statementMap":{"0":{"start":{"line":23,"column":24},"end":{"line":23,"column":null}},"1":{"start":{"line":3,"column":25},"end":{"line":3,"column":null}},"2":{"start":{"line":4,"column":26},"end":{"line":4,"column":null}},"3":{"start":{"line":5,"column":17},"end":{"line":5,"column":null}},"4":{"start":{"line":6,"column":39},"end":{"line":6,"column":null}},"5":{"start":{"line":7,"column":28},"end":{"line":7,"column":null}},"6":{"start":{"line":8,"column":19},"end":{"line":8,"column":null}},"7":{"start":{"line":9,"column":23},"end":{"line":9,"column":null}},"8":{"start":{"line":10,"column":22},"end":{"line":10,"column":null}},"9":{"start":{"line":11,"column":74},"end":{"line":11,"column":null}},"10":{"start":{"line":12,"column":79},"end":{"line":12,"column":null}},"11":{"start":{"line":14,"column":19},"end":{"line":19,"column":null}},"12":{"start":{"line":24,"column":36},"end":{"line":24,"column":null}},"13":{"start":{"line":25,"column":40},"end":{"line":25,"column":null}},"14":{"start":{"line":26,"column":17},"end":{"line":26,"column":null}},"15":{"start":{"line":28,"column":15},"end":{"line":37,"column":null}},"16":{"start":{"line":39,"column":37},"end":{"line":42,"column":null}},"17":{"start":{"line":45,"column":4},"end":{"line":45,"column":null}},"18":{"start":{"line":47,"column":4},"end":{"line":81,"column":null}},"19":{"start":{"line":48,"column":23},"end":{"line":57,"column":null}},"20":{"start":{"line":55,"column":46},"end":{"line":55,"column":57}},"21":{"start":{"line":59,"column":6},"end":{"line":62,"column":null}},"22":{"start":{"line":60,"column":22},"end":{"line":60,"column":null}},"23":{"start":{"line":61,"column":8},"end":{"line":61,"column":null}},"24":{"start":{"line":65,"column":6},"end":{"line":65,"column":null}},"25":{"start":{"line":68,"column":6},"end":{"line":68,"column":null}},"26":{"start":{"line":71,"column":6},"end":{"line":73,"column":null}},"27":{"start":{"line":72,"column":8},"end":{"line":72,"column":null}},"28":{"start":{"line":75,"column":6},"end":{"line":75,"column":null}},"29":{"start":{"line":76,"column":6},"end":{"line":78,"column":null}},"30":{"start":{"line":80,"column":6},"end":{"line":80,"column":null}},"31":{"start":{"line":148,"column":39},"end":{"line":148,"column":null}},"32":{"start":{"line":156,"column":22},"end":{"line":157,"column":null}},"33":{"start":{"line":173,"column":51},"end":{"line":173,"column":null}},"34":{"start":{"line":204,"column":37},"end":{"line":204,"column":null}}},"fnMap":{"0":{"name":"NewPollPage","decl":{"start":{"line":23,"column":24},"end":{"line":23,"column":null}},"loc":{"start":{"line":23,"column":24},"end":{"line":225,"column":null}}},"1":{"name":"onSubmit","decl":{"start":{"line":44,"column":17},"end":{"line":44,"column":26}},"loc":{"start":{"line":44,"column":40},"end":{"line":82,"column":null}}},"2":{"name":"(anonymous_7)","decl":{"start":{"line":55,"column":36},"end":{"line":55,"column":46}},"loc":{"start":{"line":55,"column":46},"end":{"line":55,"column":57}}},"3":{"name":"(anonymous_8)","decl":{"start":{"line":71,"column":17},"end":{"line":71,"column":null}},"loc":{"start":{"line":71,"column":17},"end":{"line":73,"column":9}}},"4":{"name":"(anonymous_10)","decl":{"start":{"line":148,"column":33},"end":{"line":148,"column":39}},"loc":{"start":{"line":148,"column":39},"end":{"line":148,"column":null}}},"5":{"name":"(anonymous_11)","decl":{"start":{"line":155,"column":32},"end":{"line":155,"column":33}},"loc":{"start":{"line":156,"column":22},"end":{"line":157,"column":null}}},"6":{"name":"(anonymous_13)","decl":{"start":{"line":173,"column":45},"end":{"line":173,"column":51}},"loc":{"start":{"line":173,"column":51},"end":{"line":173,"column":null}}},"7":{"name":"(anonymous_14)","decl":{"start":{"line":204,"column":31},"end":{"line":204,"column":37}},"loc":{"start":{"line":204,"column":37},"end":{"line":204,"column":null}}}},"branchMap":{"0":{"loc":{"start":{"line":59,"column":6},"end":{"line":62,"column":null}},"type":"if","locations":[{"start":{"line":59,"column":6},"end":{"line":62,"column":null}}]},"1":{"loc":{"start":{"line":61,"column":24},"end":{"line":61,"column":null}},"type":"binary-expr","locations":[{"start":{"line":61,"column":24},"end":{"line":61,"column":35}},{"start":{"line":61,"column":39},"end":{"line":61,"column":null}}]},"2":{"loc":{"start":{"line":77,"column":17},"end":{"line":77,"column":null}},"type":"cond-expr","locations":[{"start":{"line":77,"column":42},"end":{"line":77,"column":55}},{"start":{"line":77,"column":58},"end":{"line":77,"column":null}}]},"3":{"loc":{"start":{"line":97,"column":12},"end":{"line":114,"column":13}},"type":"cond-expr","locations":[{"start":{"line":97,"column":12},"end":{"line":114,"column":13}}]},"4":{"loc":{"start":{"line":168,"column":33},"end":{"line":168,"column":null}},"type":"binary-expr","locations":[{"start":{"line":168,"column":33},"end":{"line":168,"column":null}}]},"5":{"loc":{"start":{"line":187,"column":19},"end":{"line":187,"column":48}},"type":"binary-expr","locations":[{"start":{"line":187,"column":19},"end":{"line":187,"column":48}}]},"6":{"loc":{"start":{"line":193,"column":19},"end":{"line":193,"column":45}},"type":"binary-expr","locations":[{"start":{"line":193,"column":19},"end":{"line":193,"column":45}}]},"7":{"loc":{"start":{"line":213,"column":23},"end":{"line":213,"column":null}},"type":"cond-expr","locations":[{"start":{"line":213,"column":35},"end":{"line":213,"column":56}},{"start":{"line":213,"column":56},"end":{"line":213,"column":null}}]}},"s":{"0":0,"1":0,"2":0,"3":0,"4":0,"5":0,"6":0,"7":0,"8":0,"9":0,"10":0,"11":0,"12":0,"13":0,"14":0,"15":0,"16":0,"17":0,"18":0,"19":0,"20":0,"21":0,"22":0,"23":0,"24":0,"25":0,"26":0,"27":0,"28":0,"29":0,"30":0,"31":0,"32":0,"33":0,"34":0},"f":{"0":0,"1":0,"2":0,"3":0,"4":0,"5":0,"6":0,"7":0},"b":{"0":[0],"1":[0,0],"2":[0,0],"3":[0],"4":[0],"5":[0],"6":[0],"7":[0,0]}}
,"/home/lawrence/Projects/polling-app/app/vote/[id]/page.tsx": {"path":"/home/lawrence/Projects/polling-app/app/vote/[id]/page.tsx","statementMap":{"0":{"start":{"line":6,"column":24},"end":{"line":6,"column":null}},"1":{"start":{"line":3,"column":26},"end":{"line":3,"column":null}},"2":{"start":{"line":4,"column":37},"end":{"line":4,"column":null}},"3":{"start":{"line":7,"column":17},"end":{"line":7,"column":null}},"4":{"start":{"line":8,"column":17},"end":{"line":8,"column":null}},"5":{"start":{"line":9,"column":17},"end":{"line":9,"column":null}},"6":{"start":{"line":11,"column":2},"end":{"line":16,"column":null}},"7":{"start":{"line":13,"column":4},"end":{"line":15,"column":null}},"8":{"start":{"line":14,"column":6},"end":{"line":14,"column":null}}},"fnMap":{"0":{"name":"VotePage","decl":{"start":{"line":6,"column":24},"end":{"line":6,"column":null}},"loc":{"start":{"line":6,"column":24},"end":{"line":26,"column":null}}},"1":{"name":"(anonymous_2)","decl":{"start":{"line":11,"column":12},"end":{"line":11,"column":null}},"loc":{"start":{"line":11,"column":12},"end":{"line":16,"column":5}}}},"branchMap":{"0":{"loc":{"start":{"line":13,"column":4},"end":{"line":15,"column":null}},"type":"if","locations":[{"start":{"line":13,"column":4},"end":{"line":15,"column":null}}]}},"s":{"0":0,"1":0,"2":0,"3":0,"4":0,"5":0,"6":0,"7":0,"8":0},"f":{"0":0,"1":0},"b":{"0":[0]}}
}
