TN:
SF:app/page.tsx
FN:3,HomePage
FNF:1
FNH:0
FNDA:0,HomePage
DA:1,0
DA:3,0
LF:2
LH:0
BRF:0
BRH:0
end_of_record
TN:
SF:app/api/polls/route.ts
FN:10,POST
FN:40,(anonymous_4)
FN:72,GET
FN:102,(anonymous_6)
FN:105,(anonymous_7)
FNF:5
FNH:0
FNDA:0,POST
FNDA:0,(anonymous_4)
FNDA:0,GET
FNDA:0,(anonymous_6)
FNDA:0,(anonymous_7)
DA:1,0
DA:2,0
DA:3,0
DA:5,0
DA:10,0
DA:11,0
DA:12,0
DA:15,0
DA:17,0
DA:18,0
DA:21,0
DA:22,0
DA:25,0
DA:34,0
DA:35,0
DA:36,0
DA:40,0
DA:46,0
DA:50,0
DA:51,0
DA:53,0
DA:54,0
DA:57,0
DA:59,0
DA:61,0
DA:62,0
DA:68,0
DA:72,0
DA:73,0
DA:74,0
DA:77,0
DA:79,0
DA:80,0
DA:84,0
DA:96,0
DA:97,0
DA:98,0
DA:102,0
DA:105,0
DA:108,0
DA:110,0
DA:111,0
LF:42
LH:0
BRDA:17,0,0,0
BRDA:17,1,0,0
BRDA:17,1,1,0
BRDA:34,2,0,0
BRDA:50,3,0,0
BRDA:61,4,0,0
BRDA:79,5,0,0
BRDA:79,6,0,0
BRDA:79,6,1,0
BRDA:96,7,0,0
BRF:10
BRH:0
end_of_record
TN:
SF:app/api/polls/[id]/route.ts
FN:10,GET
FN:34,(anonymous_5)
FN:35,(anonymous_6)
FN:37,(anonymous_7)
FN:53,PUT
FN:105,(anonymous_9)
FN:135,DELETE
FNF:7
FNH:0
FNDA:0,GET
FNDA:0,(anonymous_5)
FNDA:0,(anonymous_6)
FNDA:0,(anonymous_7)
FNDA:0,PUT
FNDA:0,(anonymous_9)
FNDA:0,DELETE
DA:1,0
DA:2,0
DA:3,0
DA:5,0
DA:10,0
DA:11,0
DA:12,0
DA:15,0
DA:28,0
DA:29,0
DA:33,0
DA:34,0
DA:35,0
DA:37,0
DA:40,0
DA:46,0
DA:48,0
DA:49,0
DA:53,0
DA:54,0
DA:55,0
DA:58,0
DA:60,0
DA:61,0
DA:65,0
DA:71,0
DA:72,0
DA:75,0
DA:76,0
DA:79,0
DA:80,0
DA:83,0
DA:88,0
DA:89,0
DA:90,0
DA:94,0
DA:99,0
DA:100,0
DA:101,0
DA:105,0
DA:111,0
DA:115,0
DA:116,0
DA:117,0
DA:120,0
DA:122,0
DA:124,0
DA:125,0
DA:131,0
DA:135,0
DA:136,0
DA:137,0
DA:140,0
DA:142,0
DA:143,0
DA:147,0
DA:153,0
DA:154,0
DA:157,0
DA:158,0
DA:162,0
DA:167,0
DA:168,0
DA:169,0
DA:172,0
DA:174,0
DA:175,0
LF:67
LH:0
BRDA:28,0,0,0
BRDA:28,1,0,0
BRDA:28,1,1,0
BRDA:60,2,0,0
BRDA:60,3,0,0
BRDA:60,3,1,0
BRDA:71,4,0,0
BRDA:71,5,0,0
BRDA:71,5,1,0
BRDA:75,6,0,0
BRDA:88,7,0,0
BRDA:99,8,0,0
BRDA:115,9,0,0
BRDA:124,10,0,0
BRDA:142,11,0,0
BRDA:142,12,0,0
BRDA:142,12,1,0
BRDA:153,13,0,0
BRDA:153,14,0,0
BRDA:153,14,1,0
BRDA:157,15,0,0
BRDA:167,16,0,0
BRF:22
BRH:0
end_of_record
TN:
SF:app/api/polls/[id]/vote/route.ts
FN:9,POST
FN:41,(anonymous_2)
FN:102,(anonymous_3)
FN:109,(anonymous_4)
FNF:4
FNH:0
FNDA:0,POST
FNDA:0,(anonymous_2)
FNDA:0,(anonymous_3)
FNDA:0,(anonymous_4)
DA:1,0
DA:2,0
DA:3,0
DA:5,0
DA:9,0
DA:10,0
DA:11,0
DA:12,0
DA:15,0
DA:16,0
DA:19,0
DA:23,0
DA:33,0
DA:34,0
DA:41,0
DA:42,0
DA:43,0
DA:50,0
DA:57,0
DA:58,0
DA:65,0
DA:73,0
DA:74,0
DA:75,0
DA:82,0
DA:93,0
DA:94,0
DA:95,0
DA:102,0
DA:109,0
DA:111,0
DA:122,0
DA:129,0
DA:131,0
DA:133,0
DA:134,0
DA:140,0
LF:37
LH:0
BRDA:19,0,0,0
BRDA:19,0,1,0
BRDA:33,1,0,0
BRDA:33,2,0,0
BRDA:33,2,1,0
BRDA:42,3,0,0
BRDA:57,4,0,0
BRDA:73,5,0,0
BRDA:93,6,0,0
BRDA:133,7,0,0
BRF:10
BRH:0
end_of_record
TN:
SF:app/auth/login/page.tsx
FN:21,LoginPage
FN:33,onSubmit
FN:38,(anonymous_7)
FNF:3
FNH:0
FNDA:0,LoginPage
FNDA:0,onSubmit
FNDA:0,(anonymous_7)
DA:3,0
DA:4,0
DA:5,0
DA:6,0
DA:7,0
DA:8,0
DA:9,0
DA:10,0
DA:11,0
DA:12,0
DA:14,0
DA:21,0
DA:22,0
DA:23,0
DA:25,0
DA:34,0
DA:36,0
DA:38,0
DA:39,0
DA:41,0
DA:46,0
DA:47,0
DA:50,0
DA:51,0
DA:53,0
DA:54,0
DA:58,0
LF:27
LH:0
BRDA:46,0,0,0
BRDA:55,1,0,0
BRDA:55,1,1,0
BRDA:110,2,0,0
BRDA:120,3,0,0
BRDA:120,3,1,0
BRF:6
BRH:0
end_of_record
TN:
SF:app/auth/register/page.tsx
FN:18,(anonymous_5)
FN:25,RegisterPage
FN:39,onSubmit
FN:45,(anonymous_8)
FN:92,(anonymous_9)
FNF:5
FNH:0
FNDA:0,(anonymous_5)
FNDA:0,RegisterPage
FNDA:0,onSubmit
FNDA:0,(anonymous_8)
FNDA:0,(anonymous_9)
DA:3,0
DA:4,0
DA:5,0
DA:6,0
DA:7,0
DA:8,0
DA:9,0
DA:10,0
DA:11,0
DA:12,0
DA:14,0
DA:18,0
DA:25,0
DA:26,0
DA:27,0
DA:28,0
DA:30,0
DA:40,0
DA:41,0
DA:43,0
DA:45,0
DA:46,0
DA:48,0
DA:53,0
DA:54,0
DA:58,0
DA:59,0
DA:61,0
DA:63,0
DA:65,0
DA:66,0
DA:70,0
DA:92,0
LF:33
LH:0
BRDA:53,0,0,0
BRDA:58,1,0,0
BRDA:58,1,1,0
BRDA:58,2,0,0
BRDA:58,2,1,0
BRDA:67,3,0,0
BRDA:67,3,1,0
BRDA:87,4,0,0
BRDA:152,5,0,0
BRDA:162,6,0,0
BRDA:162,6,1,0
BRF:11
BRH:0
end_of_record
TN:
SF:app/polls/page.tsx
FN:38,PollsPage
FN:47,(anonymous_3)
FN:51,(anonymous_4)
FN:74,(anonymous_5)
FN:78,(anonymous_6)
FN:90,(anonymous_7)
FN:101,(anonymous_8)
FN:117,(anonymous_9)
FN:178,(anonymous_10)
FN:196,(anonymous_11)
FN:201,(anonymous_12)
FN:267,(anonymous_13)
FNF:12
FNH:0
FNDA:0,PollsPage
FNDA:0,(anonymous_3)
FNDA:0,(anonymous_4)
FNDA:0,(anonymous_5)
FNDA:0,(anonymous_6)
FNDA:0,(anonymous_7)
FNDA:0,(anonymous_8)
FNDA:0,(anonymous_9)
FNDA:0,(anonymous_10)
FNDA:0,(anonymous_11)
FNDA:0,(anonymous_12)
FNDA:0,(anonymous_13)
DA:3,0
DA:4,0
DA:5,0
DA:6,0
DA:7,0
DA:8,0
DA:14,0
DA:24,0
DA:38,0
DA:39,0
DA:40,0
DA:41,0
DA:42,0
DA:43,0
DA:44,0
DA:45,0
DA:47,0
DA:48,0
DA:51,0
DA:52,0
DA:53,0
DA:55,0
DA:56,0
DA:57,0
DA:60,0
DA:61,0
DA:64,0
DA:65,0
DA:67,0
DA:68,0
DA:70,0
DA:74,0
DA:75,0
DA:78,0
DA:79,0
DA:80,0
DA:81,0
DA:85,0
DA:86,0
DA:90,0
DA:91,0
DA:92,0
DA:94,0
DA:95,0
DA:97,0
DA:101,0
DA:102,0
DA:103,0
DA:106,0
DA:118,0
DA:137,0
DA:179,0
DA:196,0
DA:201,0
DA:267,0
LF:55
LH:0
BRDA:55,0,0,0
BRDA:60,1,0,0
BRDA:65,2,0,0
BRDA:65,2,1,0
BRDA:85,3,0,0
BRDA:106,4,0,0
BRDA:137,5,0,0
BRDA:165,6,0,0
BRDA:165,6,1,0
BRDA:165,7,0,0
BRDA:165,7,1,0
BRDA:177,8,0,0
BRDA:216,9,0,0
BRDA:216,9,1,0
BRDA:220,10,0,0
BRDA:220,10,1,0
BRDA:267,11,0,0
BRDA:267,11,1,0
BRDA:271,12,0,0
BRDA:271,12,1,0
BRF:20
BRH:0
end_of_record
TN:
SF:app/polls/[id]/page.tsx
FN:33,PollDetailPage
FN:48,(anonymous_3)
FN:54,(anonymous_4)
FN:72,(anonymous_5)
FN:109,(anonymous_6)
FN:119,(anonymous_7)
FN:127,(anonymous_8)
FN:254,(anonymous_9)
FN:302,(anonymous_10)
FN:310,(anonymous_11)
FNF:10
FNH:0
FNDA:0,PollDetailPage
FNDA:0,(anonymous_3)
FNDA:0,(anonymous_4)
FNDA:0,(anonymous_5)
FNDA:0,(anonymous_6)
FNDA:0,(anonymous_7)
FNDA:0,(anonymous_8)
FNDA:0,(anonymous_9)
FNDA:0,(anonymous_10)
FNDA:0,(anonymous_11)
DA:3,0
DA:4,0
DA:5,0
DA:6,0
DA:8,0
DA:9,0
DA:10,0
DA:33,0
DA:34,0
DA:35,0
DA:36,0
DA:37,0
DA:38,0
DA:43,0
DA:45,0
DA:46,0
DA:48,0
DA:49,0
DA:50,0
DA:54,0
DA:55,0
DA:56,0
DA:58,0
DA:59,0
DA:62,0
DA:63,0
DA:65,0
DA:66,0
DA:68,0
DA:72,0
DA:73,0
DA:75,0
DA:77,0
DA:78,0
DA:89,0
DA:91,0
DA:92,0
DA:96,0
DA:102,0
DA:103,0
DA:105,0
DA:109,0
DA:111,0
DA:112,0
DA:113,0
DA:114,0
DA:116,0
DA:119,0
DA:120,0
DA:127,0
DA:128,0
DA:129,0
DA:132,0
DA:158,0
DA:183,0
DA:203,0
DA:204,0
DA:255,0
DA:256,0
DA:258,0
DA:303,0
DA:310,0
LF:62
LH:0
BRDA:49,0,0,0
BRDA:58,1,0,0
BRDA:73,2,0,0
BRDA:73,3,0,0
BRDA:73,3,1,0
BRDA:91,4,0,0
BRDA:92,5,0,0
BRDA:92,5,1,0
BRDA:103,6,0,0
BRDA:103,6,1,0
BRDA:112,7,0,0
BRDA:128,8,0,0
BRDA:132,9,0,0
BRDA:158,10,0,0
BRDA:183,11,0,0
BRDA:203,12,0,0
BRDA:203,12,1,0
BRDA:229,13,0,0
BRDA:229,13,1,0
BRDA:240,14,0,0
BRDA:261,15,0,0
BRDA:261,15,1,0
BRDA:263,16,0,0
BRDA:274,17,0,0
BRDA:274,17,1,0
BRDA:323,18,0,0
BRDA:331,19,0,0
BRDA:331,19,1,0
BRDA:335,20,0,0
BRDA:335,20,1,0
BRF:30
BRH:0
end_of_record
TN:
SF:app/polls/edit/[id]/page.tsx
FN:35,EditPollPage
FN:60,(anonymous_3)
FN:66,(anonymous_4)
FN:91,(anonymous_5)
FN:92,(anonymous_6)
FN:102,onSubmit
FN:113,(anonymous_8)
FN:126,(anonymous_9)
FN:139,(anonymous_10)
FN:145,(anonymous_11)
FN:287,(anonymous_12)
FN:306,(anonymous_13)
FN:348,(anonymous_14)
FNF:13
FNH:0
FNDA:0,EditPollPage
FNDA:0,(anonymous_3)
FNDA:0,(anonymous_4)
FNDA:0,(anonymous_5)
FNDA:0,(anonymous_6)
FNDA:0,onSubmit
FNDA:0,(anonymous_8)
FNDA:0,(anonymous_9)
FNDA:0,(anonymous_10)
FNDA:0,(anonymous_11)
FNDA:0,(anonymous_12)
FNDA:0,(anonymous_13)
FNDA:0,(anonymous_14)
DA:3,0
DA:4,0
DA:5,0
DA:6,0
DA:7,0
DA:8,0
DA:9,0
DA:11,0
DA:12,0
DA:13,0
DA:14,0
DA:16,0
DA:35,0
DA:36,0
DA:37,0
DA:38,0
DA:39,0
DA:40,0
DA:41,0
DA:42,0
DA:44,0
DA:55,0
DA:60,0
DA:61,0
DA:62,0
DA:66,0
DA:67,0
DA:68,0
DA:70,0
DA:71,0
DA:72,0
DA:75,0
DA:76,0
DA:77,0
DA:80,0
DA:81,0
DA:84,0
DA:85,0
DA:88,0
DA:91,0
DA:92,0
DA:95,0
DA:96,0
DA:98,0
DA:103,0
DA:105,0
DA:106,0
DA:113,0
DA:117,0
DA:118,0
DA:119,0
DA:123,0
DA:126,0
DA:127,0
DA:130,0
DA:131,0
DA:135,0
DA:139,0
DA:140,0
DA:141,0
DA:145,0
DA:146,0
DA:147,0
DA:151,0
DA:179,0
DA:288,0
DA:306,0
DA:348,0
LF:68
LH:0
BRDA:61,0,0,0
BRDA:70,1,0,0
BRDA:75,2,0,0
BRDA:80,3,0,0
BRDA:117,4,0,0
BRDA:119,5,0,0
BRDA:119,5,1,0
BRDA:132,6,0,0
BRDA:132,6,1,0
BRDA:140,7,0,0
BRDA:146,8,0,0
BRDA:151,9,0,0
BRDA:179,10,0,0
BRDA:224,11,0,0
BRDA:259,12,0,0
BRDA:265,13,0,0
BRDA:265,13,1,0
BRDA:295,14,0,0
BRDA:301,15,0,0
BRDA:316,16,0,0
BRDA:328,17,0,0
BRDA:343,18,0,0
BRDA:343,18,1,0
BRF:23
BRH:0
end_of_record
TN:
SF:app/polls/new/page.tsx
FN:23,NewPollPage
FN:44,onSubmit
FN:55,(anonymous_7)
FN:71,(anonymous_8)
FN:148,(anonymous_10)
FN:155,(anonymous_11)
FN:173,(anonymous_13)
FN:204,(anonymous_14)
FNF:8
FNH:0
FNDA:0,NewPollPage
FNDA:0,onSubmit
FNDA:0,(anonymous_7)
FNDA:0,(anonymous_8)
FNDA:0,(anonymous_10)
FNDA:0,(anonymous_11)
FNDA:0,(anonymous_13)
FNDA:0,(anonymous_14)
DA:3,0
DA:4,0
DA:5,0
DA:6,0
DA:7,0
DA:8,0
DA:9,0
DA:10,0
DA:11,0
DA:12,0
DA:14,0
DA:23,0
DA:24,0
DA:25,0
DA:26,0
DA:28,0
DA:39,0
DA:45,0
DA:47,0
DA:48,0
DA:55,0
DA:59,0
DA:60,0
DA:61,0
DA:65,0
DA:68,0
DA:71,0
DA:72,0
DA:75,0
DA:76,0
DA:80,0
DA:148,0
DA:156,0
DA:173,0
DA:204,0
LF:35
LH:0
BRDA:59,0,0,0
BRDA:61,1,0,0
BRDA:61,1,1,0
BRDA:77,2,0,0
BRDA:77,2,1,0
BRDA:97,3,0,0
BRDA:168,4,0,0
BRDA:187,5,0,0
BRDA:193,6,0,0
BRDA:213,7,0,0
BRDA:213,7,1,0
BRF:11
BRH:0
end_of_record
TN:
SF:app/vote/[id]/page.tsx
FN:6,VotePage
FN:11,(anonymous_2)
FNF:2
FNH:0
FNDA:0,VotePage
FNDA:0,(anonymous_2)
DA:3,0
DA:4,0
DA:6,0
DA:7,0
DA:8,0
DA:9,0
DA:11,0
DA:13,0
DA:14,0
LF:9
LH:0
BRDA:13,0,0,0
BRF:1
BRH:0
end_of_record
